# JRE version: Java(TM) SE Runtime Environment (8.0_201-b09) (build 1.8.0_201-b09)
# Java VM: Java HotSpot(TM) 64-Bit Server VM (25.201-b09 mixed mode windows-amd64 compressed oops)
Heap:
 PSYoungGen      total 199680K, used 4556K [0x000000076b400000, 0x0000000778a00000, 0x00000007c0000000)
  eden space 182272K, 2% used [0x000000076b400000,0x000000076b8733a0,0x0000000776600000)
  from space 17408K, 0% used [0x0000000777900000,0x0000000777900000,0x0000000778a00000)
  to   space 18432K, 0% used [0x0000000776600000,0x0000000776600000,0x0000000777800000)
 ParOldGen       total 179200K, used 21780K [0x00000006c1c00000, 0x00000006ccb00000, 0x000000076b400000)
  object space 179200K, 12% used [0x00000006c1c00000,0x00000006c31453b0,0x00000006ccb00000)
 Metaspace       used 50533K, capacity 52602K, committed 53120K, reserved 1095680K
  class space    used 6792K, capacity 7187K, committed 7296K, reserved 1048576K
GC Heap History (10 events):
Event: 6.681 GC heap before
{Heap before GC invocations=7 (full 1):
 PSYoungGen      total 134656K, used 113282K [0x000000076b400000, 0x0000000775600000, 0x00000007c0000000)
  eden space 123904K, 82% used [0x000000076b400000,0x0000000771822600,0x0000000772d00000)
  from space 10752K, 99% used [0x0000000772d00000,0x000000077377e2c8,0x0000000773780000)
  to   space 14336K, 0% used [0x0000000774800000,0x0000000774800000,0x0000000775600000)
 ParOldGen       total 109056K, used 10460K [0x00000006c1c00000, 0x00000006c8680000, 0x000000076b400000)
  object space 109056K, 9% used [0x00000006c1c00000,0x00000006c2637248,0x00000006c8680000)
 Metaspace       used 33968K, capacity 35410K, committed 35456K, reserved 1079296K
  class space    used 4425K, capacity 4723K, committed 4736K, reserved 1048576K
Event: 6.697 GC heap after
Heap after GC invocations=7 (full 1):
 PSYoungGen      total 148480K, used 14306K [0x000000076b400000, 0x0000000778500000, 0x00000007c0000000)
  eden space 134144K, 0% used [0x000000076b400000,0x000000076b400000,0x0000000773700000)
  from space 14336K, 99% used [0x0000000774800000,0x00000007755f8878,0x0000000775600000)
  to   space 17408K, 0% used [0x0000000773700000,0x0000000773700000,0x0000000774800000)
 ParOldGen       total 109056K, used 10651K [0x00000006c1c00000, 0x00000006c8680000, 0x000000076b400000)
  object space 109056K, 9% used [0x00000006c1c00000,0x00000006c2666f90,0x00000006c8680000)
 Metaspace       used 33968K, capacity 35410K, committed 35456K, reserved 1079296K
  class space    used 4425K, capacity 4723K, committed 4736K, reserved 1048576K
}
Event: 6.697 GC heap before
{Heap before GC invocations=8 (full 2):
 PSYoungGen      total 148480K, used 14306K [0x000000076b400000, 0x0000000778500000, 0x00000007c0000000)
  eden space 134144K, 0% used [0x000000076b400000,0x000000076b400000,0x0000000773700000)
  from space 14336K, 99% used [0x0000000774800000,0x00000007755f8878,0x0000000775600000)
  to   space 17408K, 0% used [0x0000000773700000,0x0000000773700000,0x0000000774800000)
 ParOldGen       total 109056K, used 10651K [0x00000006c1c00000, 0x00000006c8680000, 0x000000076b400000)
  object space 109056K, 9% used [0x00000006c1c00000,0x00000006c2666f90,0x00000006c8680000)
 Metaspace       used 33968K, capacity 35410K, committed 35456K, reserved 1079296K
  class space    used 4425K, capacity 4723K, committed 4736K, reserved 1048576K
Event: 6.798 GC heap after
Heap after GC invocations=8 (full 2):
 PSYoungGen      total 148480K, used 0K [0x000000076b400000, 0x0000000778500000, 0x00000007c0000000)
  eden space 134144K, 0% used [0x000000076b400000,0x000000076b400000,0x0000000773700000)
  from space 14336K, 0% used [0x0000000774800000,0x0000000774800000,0x0000000775600000)
  to   space 17408K, 0% used [0x0000000773700000,0x0000000773700000,0x0000000774800000)
 ParOldGen       total 179200K, used 19036K [0x00000006c1c00000, 0x00000006ccb00000, 0x000000076b400000)
  object space 179200K, 10% used [0x00000006c1c00000,0x00000006c2e97330,0x00000006ccb00000)
 Metaspace       used 33968K, capacity 35410K, committed 35456K, reserved 1079296K
  class space    used 4425K, capacity 4723K, committed 4736K, reserved 1048576K
}
Event: 10.518 GC heap before
{Heap before GC invocations=9 (full 2):
 PSYoungGen      total 148480K, used 134144K [0x000000076b400000, 0x0000000778500000, 0x00000007c0000000)
  eden space 134144K, 100% used [0x000000076b400000,0x0000000773700000,0x0000000773700000)
  from space 14336K, 0% used [0x0000000774800000,0x0000000774800000,0x0000000775600000)
  to   space 17408K, 0% used [0x0000000773700000,0x0000000773700000,0x0000000774800000)
 ParOldGen       total 179200K, used 19036K [0x00000006c1c00000, 0x00000006ccb00000, 0x000000076b400000)
  object space 179200K, 10% used [0x00000006c1c00000,0x00000006c2e97330,0x00000006ccb00000)
 Metaspace       used 46759K, capacity 48640K, committed 48768K, reserved 1091584K
  class space    used 6343K, capacity 6701K, committed 6784K, reserved 1048576K
Event: 10.538 GC heap after
Heap after GC invocations=9 (full 2):
 PSYoungGen      total 151552K, used 15334K [0x000000076b400000, 0x0000000778c00000, 0x00000007c0000000)
  eden space 134144K, 0% used [0x000000076b400000,0x000000076b400000,0x0000000773700000)
  from space 17408K, 88% used [0x0000000773700000,0x00000007745f9958,0x0000000774800000)
  to   space 19456K, 0% used [0x0000000777900000,0x0000000777900000,0x0000000778c00000)
 ParOldGen       total 179200K, used 19044K [0x00000006c1c00000, 0x00000006ccb00000, 0x000000076b400000)
  object space 179200K, 10% used [0x00000006c1c00000,0x00000006c2e99330,0x00000006ccb00000)
 Metaspace       used 46759K, capacity 48640K, committed 48768K, reserved 1091584K
  class space    used 6343K, capacity 6701K, committed 6784K, reserved 1048576K
}
Event: 53.022 GC heap before
{Heap before GC invocations=10 (full 2):
 PSYoungGen      total 151552K, used 73131K [0x000000076b400000, 0x0000000778c00000, 0x00000007c0000000)
  eden space 134144K, 43% used [0x000000076b400000,0x000000076ec71620,0x0000000773700000)
  from space 17408K, 88% used [0x0000000773700000,0x00000007745f9958,0x0000000774800000)
  to   space 19456K, 0% used [0x0000000777900000,0x0000000777900000,0x0000000778c00000)
 ParOldGen       total 179200K, used 19044K [0x00000006c1c00000, 0x00000006ccb00000, 0x000000076b400000)
  object space 179200K, 10% used [0x00000006c1c00000,0x00000006c2e99330,0x00000006ccb00000)
 Metaspace       used 50683K, capacity 53044K, committed 53120K, reserved 1095680K
  class space    used 6842K, capacity 7276K, committed 7296K, reserved 1048576K
Event: 53.035 GC heap after
Heap after GC invocations=10 (full 2):
 PSYoungGen      total 199680K, used 8087K [0x000000076b400000, 0x0000000778a00000, 0x00000007c0000000)
  eden space 182272K, 0% used [0x000000076b400000,0x000000076b400000,0x0000000776600000)
  from space 17408K, 46% used [0x0000000777900000,0x00000007780e5c90,0x0000000778a00000)
  to   space 18432K, 0% used [0x0000000776600000,0x0000000776600000,0x0000000777800000)
 ParOldGen       total 179200K, used 19052K [0x00000006c1c00000, 0x00000006ccb00000, 0x000000076b400000)
  object space 179200K, 10% used [0x00000006c1c00000,0x00000006c2e9b330,0x00000006ccb00000)
 Metaspace       used 50683K, capacity 53044K, committed 53120K, reserved 1095680K
  class space    used 6842K, capacity 7276K, committed 7296K, reserved 1048576K
}
Event: 53.035 GC heap before
{Heap before GC invocations=11 (full 3):
 PSYoungGen      total 199680K, used 8087K [0x000000076b400000, 0x0000000778a00000, 0x00000007c0000000)
  eden space 182272K, 0% used [0x000000076b400000,0x000000076b400000,0x0000000776600000)
  from space 17408K, 46% used [0x0000000777900000,0x00000007780e5c90,0x0000000778a00000)
  to   space 18432K, 0% used [0x0000000776600000,0x0000000776600000,0x0000000777800000)
 ParOldGen       total 179200K, used 19052K [0x00000006c1c00000, 0x00000006ccb00000, 0x000000076b400000)
  object space 179200K, 10% used [0x00000006c1c00000,0x00000006c2e9b330,0x00000006ccb00000)
 Metaspace       used 50683K, capacity 53044K, committed 53120K, reserved 1095680K
  class space    used 6842K, capacity 7276K, committed 7296K, reserved 1048576K
Event: 53.275 GC heap after
Heap after GC invocations=11 (full 3):
 PSYoungGen      total 199680K, used 0K [0x000000076b400000, 0x0000000778a00000, 0x00000007c0000000)
  eden space 182272K, 0% used [0x000000076b400000,0x000000076b400000,0x0000000776600000)
  from space 17408K, 0% used [0x0000000777900000,0x0000000777900000,0x0000000778a00000)
  to   space 18432K, 0% used [0x0000000776600000,0x0000000776600000,0x0000000777800000)
 ParOldGen       total 179200K, used 21780K [0x00000006c1c00000, 0x00000006ccb00000, 0x000000076b400000)
  object space 179200K, 12% used [0x00000006c1c00000,0x00000006c31453b0,0x00000006ccb00000)
 Metaspace       used 50529K, capacity 52602K, committed 53120K, reserved 1095680K
  class space    used 6790K, capacity 7187K, committed 7296K, reserved 1048576K
}

