# JRE version: Java(TM) SE Runtime Environment (8.0_201-b09) (build 1.8.0_201-b09)
# Java VM: Java HotSpot(TM) 64-Bit Server VM (25.201-b09 mixed mode windows-amd64 compressed oops)
Heap:
 PSYoungGen      total 176128K, used 5868K [0x000000076b400000, 0x0000000777100000, 0x00000007c0000000)
  eden space 158720K, 3% used [0x000000076b400000,0x000000076b9bb320,0x0000000774f00000)
  from space 17408K, 0% used [0x0000000776000000,0x0000000776000000,0x0000000777100000)
  to   space 17408K, 0% used [0x0000000774f00000,0x0000000774f00000,0x0000000776000000)
 ParOldGen       total 185344K, used 20787K [0x00000006c1c00000, 0x00000006cd100000, 0x000000076b400000)
  object space 185344K, 11% used [0x00000006c1c00000,0x00000006c304cda8,0x00000006cd100000)
 Metaspace       used 51303K, capacity 53476K, committed 53632K, reserved 1095680K
  class space    used 6835K, capacity 7273K, committed 7296K, reserved 1048576K
GC Heap History (10 events):
Event: 513.424 GC heap before
{Heap before GC invocations=10 (full 2):
 PSYoungGen      total 137728K, used 135172K [0x000000076b400000, 0x0000000777b80000, 0x00000007c0000000)
  eden space 120832K, 100% used [0x000000076b400000,0x0000000772a00000,0x0000000772a00000)
  from space 16896K, 84% used [0x0000000772a00000,0x00000007738010f0,0x0000000773a80000)
  to   space 18944K, 0% used [0x0000000776900000,0x0000000776900000,0x0000000777b80000)
 ParOldGen       total 185344K, used 19190K [0x00000006c1c00000, 0x00000006cd100000, 0x000000076b400000)
  object space 185344K, 10% used [0x00000006c1c00000,0x00000006c2ebda00,0x00000006cd100000)
 Metaspace       used 50608K, capacity 52666K, committed 52864K, reserved 1095680K
  class space    used 6796K, capacity 7202K, committed 7296K, reserved 1048576K
Event: 513.433 GC heap after
Heap after GC invocations=10 (full 2):
 PSYoungGen      total 168448K, used 9286K [0x000000076b400000, 0x0000000777280000, 0x00000007c0000000)
  eden space 158720K, 0% used [0x000000076b400000,0x000000076b400000,0x0000000774f00000)
  from space 9728K, 95% used [0x0000000776900000,0x0000000777211988,0x0000000777280000)
  to   space 17408K, 0% used [0x0000000775080000,0x0000000775080000,0x0000000776180000)
 ParOldGen       total 185344K, used 19198K [0x00000006c1c00000, 0x00000006cd100000, 0x000000076b400000)
  object space 185344K, 10% used [0x00000006c1c00000,0x00000006c2ebfa00,0x00000006cd100000)
 Metaspace       used 50608K, capacity 52666K, committed 52864K, reserved 1095680K
  class space    used 6796K, capacity 7202K, committed 7296K, reserved 1048576K
}
Event: 1262.661 GC heap before
{Heap before GC invocations=11 (full 2):
 PSYoungGen      total 168448K, used 110059K [0x000000076b400000, 0x0000000777280000, 0x00000007c0000000)
  eden space 158720K, 63% used [0x000000076b400000,0x00000007716692a8,0x0000000774f00000)
  from space 9728K, 95% used [0x0000000776900000,0x0000000777211988,0x0000000777280000)
  to   space 17408K, 0% used [0x0000000775080000,0x0000000775080000,0x0000000776180000)
 ParOldGen       total 185344K, used 19198K [0x00000006c1c00000, 0x00000006cd100000, 0x000000076b400000)
  object space 185344K, 10% used [0x00000006c1c00000,0x00000006c2ebfa00,0x00000006cd100000)
 Metaspace       used 50852K, capacity 52960K, committed 53120K, reserved 1095680K
  class space    used 6817K, capacity 7220K, committed 7296K, reserved 1048576K
Event: 1262.667 GC heap after
Heap after GC invocations=11 (full 2):
 PSYoungGen      total 164864K, used 6056K [0x000000076b400000, 0x0000000777100000, 0x00000007c0000000)
  eden space 158720K, 0% used [0x000000076b400000,0x000000076b400000,0x0000000774f00000)
  from space 6144K, 98% used [0x0000000775080000,0x000000077566a050,0x0000000775680000)
  to   space 17408K, 0% used [0x0000000776000000,0x0000000776000000,0x0000000777100000)
 ParOldGen       total 185344K, used 19206K [0x00000006c1c00000, 0x00000006cd100000, 0x000000076b400000)
  object space 185344K, 10% used [0x00000006c1c00000,0x00000006c2ec1a00,0x00000006cd100000)
 Metaspace       used 50852K, capacity 52960K, committed 53120K, reserved 1095680K
  class space    used 6817K, capacity 7220K, committed 7296K, reserved 1048576K
}
Event: 1262.667 GC heap before
{Heap before GC invocations=12 (full 3):
 PSYoungGen      total 164864K, used 6056K [0x000000076b400000, 0x0000000777100000, 0x00000007c0000000)
  eden space 158720K, 0% used [0x000000076b400000,0x000000076b400000,0x0000000774f00000)
  from space 6144K, 98% used [0x0000000775080000,0x000000077566a050,0x0000000775680000)
  to   space 17408K, 0% used [0x0000000776000000,0x0000000776000000,0x0000000777100000)
 ParOldGen       total 185344K, used 19206K [0x00000006c1c00000, 0x00000006cd100000, 0x000000076b400000)
  object space 185344K, 10% used [0x00000006c1c00000,0x00000006c2ec1a00,0x00000006cd100000)
 Metaspace       used 50852K, capacity 52960K, committed 53120K, reserved 1095680K
  class space    used 6817K, capacity 7220K, committed 7296K, reserved 1048576K
Event: 1262.783 GC heap after
Heap after GC invocations=12 (full 3):
 PSYoungGen      total 164864K, used 0K [0x000000076b400000, 0x0000000777100000, 0x00000007c0000000)
  eden space 158720K, 0% used [0x000000076b400000,0x000000076b400000,0x0000000774f00000)
  from space 6144K, 0% used [0x0000000775080000,0x0000000775080000,0x0000000775680000)
  to   space 17408K, 0% used [0x0000000776000000,0x0000000776000000,0x0000000777100000)
 ParOldGen       total 185344K, used 19956K [0x00000006c1c00000, 0x00000006cd100000, 0x000000076b400000)
  object space 185344K, 10% used [0x00000006c1c00000,0x00000006c2f7d398,0x00000006cd100000)
 Metaspace       used 50848K, capacity 52954K, committed 53120K, reserved 1095680K
  class space    used 6816K, capacity 7219K, committed 7296K, reserved 1048576K
}
Event: 1479.908 GC heap before
{Heap before GC invocations=13 (full 3):
 PSYoungGen      total 164864K, used 154796K [0x000000076b400000, 0x0000000777100000, 0x00000007c0000000)
  eden space 158720K, 97% used [0x000000076b400000,0x0000000774b2b098,0x0000000774f00000)
  from space 6144K, 0% used [0x0000000775080000,0x0000000775080000,0x0000000775680000)
  to   space 17408K, 0% used [0x0000000776000000,0x0000000776000000,0x0000000777100000)
 ParOldGen       total 185344K, used 19956K [0x00000006c1c00000, 0x00000006cd100000, 0x000000076b400000)
  object space 185344K, 10% used [0x00000006c1c00000,0x00000006c2f7d398,0x00000006cd100000)
 Metaspace       used 51300K, capacity 53476K, committed 53632K, reserved 1095680K
  class space    used 6835K, capacity 7273K, committed 7296K, reserved 1048576K
Event: 1479.915 GC heap after
Heap after GC invocations=13 (full 3):
 PSYoungGen      total 176128K, used 3585K [0x000000076b400000, 0x0000000777100000, 0x00000007c0000000)
  eden space 158720K, 0% used [0x000000076b400000,0x000000076b400000,0x0000000774f00000)
  from space 17408K, 20% used [0x0000000776000000,0x0000000776380718,0x0000000777100000)
  to   space 17408K, 0% used [0x0000000774f00000,0x0000000774f00000,0x0000000776000000)
 ParOldGen       total 185344K, used 19964K [0x00000006c1c00000, 0x00000006cd100000, 0x000000076b400000)
  object space 185344K, 10% used [0x00000006c1c00000,0x00000006c2f7f398,0x00000006cd100000)
 Metaspace       used 51300K, capacity 53476K, committed 53632K, reserved 1095680K
  class space    used 6835K, capacity 7273K, committed 7296K, reserved 1048576K
}
Event: 1479.915 GC heap before
{Heap before GC invocations=14 (full 4):
 PSYoungGen      total 176128K, used 3585K [0x000000076b400000, 0x0000000777100000, 0x00000007c0000000)
  eden space 158720K, 0% used [0x000000076b400000,0x000000076b400000,0x0000000774f00000)
  from space 17408K, 20% used [0x0000000776000000,0x0000000776380718,0x0000000777100000)
  to   space 17408K, 0% used [0x0000000774f00000,0x0000000774f00000,0x0000000776000000)
 ParOldGen       total 185344K, used 19964K [0x00000006c1c00000, 0x00000006cd100000, 0x000000076b400000)
  object space 185344K, 10% used [0x00000006c1c00000,0x00000006c2f7f398,0x00000006cd100000)
 Metaspace       used 51300K, capacity 53476K, committed 53632K, reserved 1095680K
  class space    used 6835K, capacity 7273K, committed 7296K, reserved 1048576K
Event: 1480.056 GC heap after
Heap after GC invocations=14 (full 4):
 PSYoungGen      total 176128K, used 0K [0x000000076b400000, 0x0000000777100000, 0x00000007c0000000)
  eden space 158720K, 0% used [0x000000076b400000,0x000000076b400000,0x0000000774f00000)
  from space 17408K, 0% used [0x0000000776000000,0x0000000776000000,0x0000000777100000)
  to   space 17408K, 0% used [0x0000000774f00000,0x0000000774f00000,0x0000000776000000)
 ParOldGen       total 185344K, used 20787K [0x00000006c1c00000, 0x00000006cd100000, 0x000000076b400000)
  object space 185344K, 11% used [0x00000006c1c00000,0x00000006c304cda8,0x00000006cd100000)
 Metaspace       used 51298K, capacity 53470K, committed 53632K, reserved 1095680K
  class space    used 6834K, capacity 7271K, committed 7296K, reserved 1048576K
}

