# JRE version: Java(TM) SE Runtime Environment (11.0.2+9) (build 11.0.2+9-LTS)
# Java VM: Java HotSpot(TM) 64-Bit Server VM (11.0.2+9-LTS, mixed mode, tiered, compressed oops, g1 gc, windows-amd64)
Heap:
 garbage-first heap   total 78848K, used 22981K [0x00000000a6800000, 0x0000000100000000)
  region size 1024K, 1 young (1024K), 0 survivors (0K)
 Metaspace       used 63275K, capacity 65875K, committed 66992K, reserved 1107968K
  class space    used 7516K, capacity 8450K, committed 8704K, reserved 1048576K
GC Heap History (10 events):
Event: 2621.201 GC heap before
{Heap before GC invocations=73 (full 20):
 garbage-first heap   total 78848K, used 62137K [0x00000000a6800000, 0x0000000100000000)
  region size 1024K, 39 young (39936K), 3 survivors (3072K)
 Metaspace       used 63706K, capacity 66806K, committed 66992K, reserved 1107968K
  class space    used 7573K, capacity 8607K, committed 8704K, reserved 1048576K
}
Event: 2621.205 GC heap after
{Heap after GC invocations=74 (full 20):
 garbage-first heap   total 78848K, used 26324K [0x00000000a6800000, 0x0000000100000000)
  region size 1024K, 3 young (3072K), 3 survivors (3072K)
 Metaspace       used 63706K, capacity 66806K, committed 66992K, reserved 1107968K
  class space    used 7573K, capacity 8607K, committed 8704K, reserved 1048576K
}
Event: 2675.663 GC heap before
{Heap before GC invocations=74 (full 20):
 garbage-first heap   total 78848K, used 50900K [0x00000000a6800000, 0x0000000100000000)
  region size 1024K, 28 young (28672K), 3 survivors (3072K)
 Metaspace       used 63784K, capacity 66853K, committed 66992K, reserved 1107968K
  class space    used 7579K, capacity 8645K, committed 8704K, reserved 1048576K
}
Event: 2675.773 GC heap after
{Heap after GC invocations=75 (full 21):
 garbage-first heap   total 78848K, used 22915K [0x00000000a6800000, 0x0000000100000000)
  region size 1024K, 0 young (0K), 0 survivors (0K)
 Metaspace       used 63141K, capacity 65748K, committed 66992K, reserved 1107968K
  class space    used 7507K, capacity 8410K, committed 8704K, reserved 1048576K
}
Event: 2676.816 GC heap before
{Heap before GC invocations=75 (full 21):
 garbage-first heap   total 78848K, used 61827K [0x00000000a6800000, 0x0000000100000000)
  region size 1024K, 39 young (39936K), 0 survivors (0K)
 Metaspace       used 63186K, capacity 65835K, committed 66992K, reserved 1107968K
  class space    used 7511K, capacity 8414K, committed 8704K, reserved 1048576K
}
Event: 2676.820 GC heap after
{Heap after GC invocations=76 (full 21):
 garbage-first heap   total 78848K, used 25737K [0x00000000a6800000, 0x0000000100000000)
  region size 1024K, 3 young (3072K), 3 survivors (3072K)
 Metaspace       used 63186K, capacity 65835K, committed 66992K, reserved 1107968K
  class space    used 7511K, capacity 8414K, committed 8704K, reserved 1048576K
}
Event: 2676.915 GC heap before
{Heap before GC invocations=76 (full 21):
 garbage-first heap   total 78848K, used 61577K [0x00000000a6800000, 0x0000000100000000)
  region size 1024K, 39 young (39936K), 3 survivors (3072K)
 Metaspace       used 63198K, capacity 65838K, committed 66992K, reserved 1107968K
  class space    used 7511K, capacity 8414K, committed 8704K, reserved 1048576K
}
Event: 2676.920 GC heap after
{Heap after GC invocations=77 (full 21):
 garbage-first heap   total 78848K, used 25844K [0x00000000a6800000, 0x0000000100000000)
  region size 1024K, 3 young (3072K), 3 survivors (3072K)
 Metaspace       used 63198K, capacity 65838K, committed 66992K, reserved 1107968K
  class space    used 7511K, capacity 8414K, committed 8704K, reserved 1048576K
}
Event: 2679.491 GC heap before
{Heap before GC invocations=77 (full 21):
 garbage-first heap   total 78848K, used 48372K [0x00000000a6800000, 0x0000000100000000)
  region size 1024K, 26 young (26624K), 3 survivors (3072K)
 Metaspace       used 63277K, capacity 65881K, committed 66992K, reserved 1107968K
  class space    used 7517K, capacity 8452K, committed 8704K, reserved 1048576K
}
Event: 2679.595 GC heap after
{Heap after GC invocations=78 (full 22):
 garbage-first heap   total 78848K, used 22981K [0x00000000a6800000, 0x0000000100000000)
  region size 1024K, 0 young (0K), 0 survivors (0K)
 Metaspace       used 63275K, capacity 65875K, committed 66992K, reserved 1107968K
  class space    used 7516K, capacity 8450K, committed 8704K, reserved 1048576K
}

