# JRE version: Java(TM) SE Runtime Environment (8.0_201-b09) (build 1.8.0_201-b09)
# Java VM: Java HotSpot(TM) 64-Bit Server VM (25.201-b09 mixed mode windows-amd64 compressed oops)
Heap:
 PSYoungGen      total 208896K, used 5523K [0x000000076b400000, 0x0000000779300000, 0x00000007c0000000)
  eden space 190464K, 2% used [0x000000076b400000,0x000000076b964e60,0x0000000776e00000)
  from space 18432K, 0% used [0x0000000778100000,0x0000000778100000,0x0000000779300000)
  to   space 18944K, 0% used [0x0000000776e00000,0x0000000776e00000,0x0000000778080000)
 ParOldGen       total 172544K, used 21701K [0x00000006c1c00000, 0x00000006cc480000, 0x000000076b400000)
  object space 172544K, 12% used [0x00000006c1c00000,0x00000006c3131530,0x00000006cc480000)
 Metaspace       used 50312K, capacity 52396K, committed 52608K, reserved 1095680K
  class space    used 6800K, capacity 7186K, committed 7296K, reserved 1048576K
GC Heap History (10 events):
Event: 3.452 GC heap before
{Heap before GC invocations=7 (full 1):
 PSYoungGen      total 134656K, used 115905K [0x000000076b400000, 0x0000000775680000, 0x00000007c0000000)
  eden space 123904K, 84% used [0x000000076b400000,0x0000000771ab4dd0,0x0000000772d00000)
  from space 10752K, 99% used [0x0000000772d00000,0x000000077377b708,0x0000000773780000)
  to   space 14336K, 0% used [0x0000000774880000,0x0000000774880000,0x0000000775680000)
 ParOldGen       total 108544K, used 10006K [0x00000006c1c00000, 0x00000006c8600000, 0x000000076b400000)
  object space 108544K, 9% used [0x00000006c1c00000,0x00000006c25c5838,0x00000006c8600000)
 Metaspace       used 33989K, capacity 35408K, committed 35456K, reserved 1079296K
  class space    used 4437K, capacity 4724K, committed 4736K, reserved 1048576K
Event: 3.465 GC heap after
Heap after GC invocations=7 (full 1):
 PSYoungGen      total 148992K, used 14331K [0x000000076b400000, 0x0000000778380000, 0x00000007c0000000)
  eden space 134656K, 0% used [0x000000076b400000,0x000000076b400000,0x0000000773780000)
  from space 14336K, 99% used [0x0000000774880000,0x000000077567eca0,0x0000000775680000)
  to   space 17408K, 0% used [0x0000000773780000,0x0000000773780000,0x0000000774880000)
 ParOldGen       total 108544K, used 10463K [0x00000006c1c00000, 0x00000006c8600000, 0x000000076b400000)
  object space 108544K, 9% used [0x00000006c1c00000,0x00000006c2637c48,0x00000006c8600000)
 Metaspace       used 33989K, capacity 35408K, committed 35456K, reserved 1079296K
  class space    used 4437K, capacity 4724K, committed 4736K, reserved 1048576K
}
Event: 3.465 GC heap before
{Heap before GC invocations=8 (full 2):
 PSYoungGen      total 148992K, used 14331K [0x000000076b400000, 0x0000000778380000, 0x00000007c0000000)
  eden space 134656K, 0% used [0x000000076b400000,0x000000076b400000,0x0000000773780000)
  from space 14336K, 99% used [0x0000000774880000,0x000000077567eca0,0x0000000775680000)
  to   space 17408K, 0% used [0x0000000773780000,0x0000000773780000,0x0000000774880000)
 ParOldGen       total 108544K, used 10463K [0x00000006c1c00000, 0x00000006c8600000, 0x000000076b400000)
  object space 108544K, 9% used [0x00000006c1c00000,0x00000006c2637c48,0x00000006c8600000)
 Metaspace       used 33989K, capacity 35408K, committed 35456K, reserved 1079296K
  class space    used 4437K, capacity 4724K, committed 4736K, reserved 1048576K
Event: 3.509 GC heap after
Heap after GC invocations=8 (full 2):
 PSYoungGen      total 148992K, used 0K [0x000000076b400000, 0x0000000778380000, 0x00000007c0000000)
  eden space 134656K, 0% used [0x000000076b400000,0x000000076b400000,0x0000000773780000)
  from space 14336K, 0% used [0x0000000774880000,0x0000000774880000,0x0000000775680000)
  to   space 17408K, 0% used [0x0000000773780000,0x0000000773780000,0x0000000774880000)
 ParOldGen       total 172544K, used 19331K [0x00000006c1c00000, 0x00000006cc480000, 0x000000076b400000)
  object space 172544K, 11% used [0x00000006c1c00000,0x00000006c2ee0f90,0x00000006cc480000)
 Metaspace       used 33989K, capacity 35408K, committed 35456K, reserved 1079296K
  class space    used 4437K, capacity 4724K, committed 4736K, reserved 1048576K
}
Event: 5.436 GC heap before
{Heap before GC invocations=9 (full 2):
 PSYoungGen      total 148992K, used 134656K [0x000000076b400000, 0x0000000778380000, 0x00000007c0000000)
  eden space 134656K, 100% used [0x000000076b400000,0x0000000773780000,0x0000000773780000)
  from space 14336K, 0% used [0x0000000774880000,0x0000000774880000,0x0000000775680000)
  to   space 17408K, 0% used [0x0000000773780000,0x0000000773780000,0x0000000774880000)
 ParOldGen       total 172544K, used 19331K [0x00000006c1c00000, 0x00000006cc480000, 0x000000076b400000)
  object space 172544K, 11% used [0x00000006c1c00000,0x00000006c2ee0f90,0x00000006cc480000)
 Metaspace       used 47113K, capacity 49074K, committed 49280K, reserved 1091584K
  class space    used 6394K, capacity 6776K, committed 6784K, reserved 1048576K
Event: 5.451 GC heap after
Heap after GC invocations=9 (full 2):
 PSYoungGen      total 152064K, used 15500K [0x000000076b400000, 0x0000000779400000, 0x00000007c0000000)
  eden space 134656K, 0% used [0x000000076b400000,0x000000076b400000,0x0000000773780000)
  from space 17408K, 89% used [0x0000000773780000,0x00000007746a3198,0x0000000774880000)
  to   space 19456K, 0% used [0x0000000778100000,0x0000000778100000,0x0000000779400000)
 ParOldGen       total 172544K, used 19339K [0x00000006c1c00000, 0x00000006cc480000, 0x000000076b400000)
  object space 172544K, 11% used [0x00000006c1c00000,0x00000006c2ee2f90,0x00000006cc480000)
 Metaspace       used 47113K, capacity 49074K, committed 49280K, reserved 1091584K
  class space    used 6394K, capacity 6776K, committed 6784K, reserved 1048576K
}
Event: 78.343 GC heap before
{Heap before GC invocations=10 (full 2):
 PSYoungGen      total 152064K, used 69623K [0x000000076b400000, 0x0000000779400000, 0x00000007c0000000)
  eden space 134656K, 40% used [0x000000076b400000,0x000000076e8dad08,0x0000000773780000)
  from space 17408K, 89% used [0x0000000773780000,0x00000007746a3198,0x0000000774880000)
  to   space 19456K, 0% used [0x0000000778100000,0x0000000778100000,0x0000000779400000)
 ParOldGen       total 172544K, used 19339K [0x00000006c1c00000, 0x00000006cc480000, 0x000000076b400000)
  object space 172544K, 11% used [0x00000006c1c00000,0x00000006c2ee2f90,0x00000006cc480000)
 Metaspace       used 50308K, capacity 52396K, committed 52608K, reserved 1095680K
  class space    used 6798K, capacity 7186K, committed 7296K, reserved 1048576K
Event: 78.356 GC heap after
Heap after GC invocations=10 (full 2):
 PSYoungGen      total 208896K, used 7895K [0x000000076b400000, 0x0000000779300000, 0x00000007c0000000)
  eden space 190464K, 0% used [0x000000076b400000,0x000000076b400000,0x0000000776e00000)
  from space 18432K, 42% used [0x0000000778100000,0x00000007788b5c70,0x0000000779300000)
  to   space 18944K, 0% used [0x0000000776e00000,0x0000000776e00000,0x0000000778080000)
 ParOldGen       total 172544K, used 19347K [0x00000006c1c00000, 0x00000006cc480000, 0x000000076b400000)
  object space 172544K, 11% used [0x00000006c1c00000,0x00000006c2ee4f90,0x00000006cc480000)
 Metaspace       used 50308K, capacity 52396K, committed 52608K, reserved 1095680K
  class space    used 6798K, capacity 7186K, committed 7296K, reserved 1048576K
}
Event: 78.356 GC heap before
{Heap before GC invocations=11 (full 3):
 PSYoungGen      total 208896K, used 7895K [0x000000076b400000, 0x0000000779300000, 0x00000007c0000000)
  eden space 190464K, 0% used [0x000000076b400000,0x000000076b400000,0x0000000776e00000)
  from space 18432K, 42% used [0x0000000778100000,0x00000007788b5c70,0x0000000779300000)
  to   space 18944K, 0% used [0x0000000776e00000,0x0000000776e00000,0x0000000778080000)
 ParOldGen       total 172544K, used 19347K [0x00000006c1c00000, 0x00000006cc480000, 0x000000076b400000)
  object space 172544K, 11% used [0x00000006c1c00000,0x00000006c2ee4f90,0x00000006cc480000)
 Metaspace       used 50308K, capacity 52396K, committed 52608K, reserved 1095680K
  class space    used 6798K, capacity 7186K, committed 7296K, reserved 1048576K
Event: 78.462 GC heap after
Heap after GC invocations=11 (full 3):
 PSYoungGen      total 208896K, used 0K [0x000000076b400000, 0x0000000779300000, 0x00000007c0000000)
  eden space 190464K, 0% used [0x000000076b400000,0x000000076b400000,0x0000000776e00000)
  from space 18432K, 0% used [0x0000000778100000,0x0000000778100000,0x0000000779300000)
  to   space 18944K, 0% used [0x0000000776e00000,0x0000000776e00000,0x0000000778080000)
 ParOldGen       total 172544K, used 21701K [0x00000006c1c00000, 0x00000006cc480000, 0x000000076b400000)
  object space 172544K, 12% used [0x00000006c1c00000,0x00000006c3131530,0x00000006cc480000)
 Metaspace       used 50308K, capacity 52396K, committed 52608K, reserved 1095680K
  class space    used 6798K, capacity 7186K, committed 7296K, reserved 1048576K
}

