# JRE version: Java(TM) SE Runtime Environment (8.0_201-b09) (build 1.8.0_201-b09)
# Java VM: Java HotSpot(TM) 64-Bit Server VM (25.201-b09 mixed mode windows-amd64 compressed oops)
Heap:
 PSYoungGen      total 392704K, used 7926K [0x000000076b400000, 0x0000000784700000, 0x00000007c0000000)
  eden space 372736K, 2% used [0x000000076b400000,0x000000076bbbd8b0,0x0000000782000000)
  from space 19968K, 0% used [0x0000000783380000,0x0000000783380000,0x0000000784700000)
  to   space 19968K, 0% used [0x0000000782000000,0x0000000782000000,0x0000000783380000)
 ParOldGen       total 178688K, used 21361K [0x00000006c1c00000, 0x00000006cca80000, 0x000000076b400000)
  object space 178688K, 11% used [0x00000006c1c00000,0x00000006c30dc660,0x00000006cca80000)
 Metaspace       used 52365K, capacity 55030K, committed 55168K, reserved 1097728K
  class space    used 6893K, capacity 7438K, committed 7552K, reserved 1048576K
GC Heap History (10 events):
Event: 1337.474 GC heap before
{Heap before GC invocations=13 (full 5):
 PSYoungGen      total 393216K, used 4155K [0x000000076b400000, 0x0000000784800000, 0x00000007c0000000)
  eden space 372736K, 0% used [0x000000076b400000,0x000000076b400000,0x0000000782000000)
  from space 20480K, 20% used [0x0000000783400000,0x000000078380ed70,0x0000000784800000)
  to   space 20480K, 0% used [0x0000000782000000,0x0000000782000000,0x0000000783400000)
 ParOldGen       total 178688K, used 21023K [0x00000006c1c00000, 0x00000006cca80000, 0x000000076b400000)
  object space 178688K, 11% used [0x00000006c1c00000,0x00000006c3087f00,0x00000006cca80000)
 Metaspace       used 51753K, capacity 54080K, committed 54272K, reserved 1095680K
  class space    used 6850K, capacity 7319K, committed 7424K, reserved 1048576K
Event: 1337.621 GC heap after
Heap after GC invocations=13 (full 5):
 PSYoungGen      total 393216K, used 0K [0x000000076b400000, 0x0000000784800000, 0x00000007c0000000)
  eden space 372736K, 0% used [0x000000076b400000,0x000000076b400000,0x0000000782000000)
  from space 20480K, 0% used [0x0000000783400000,0x0000000783400000,0x0000000784800000)
  to   space 20480K, 0% used [0x0000000782000000,0x0000000782000000,0x0000000783400000)
 ParOldGen       total 178688K, used 21192K [0x00000006c1c00000, 0x00000006cca80000, 0x000000076b400000)
  object space 178688K, 11% used [0x00000006c1c00000,0x00000006c30b2388,0x00000006cca80000)
 Metaspace       used 51750K, capacity 54074K, committed 54272K, reserved 1095680K
  class space    used 6850K, capacity 7317K, committed 7424K, reserved 1048576K
}
Event: 1369.302 GC heap before
{Heap before GC invocations=14 (full 5):
 PSYoungGen      total 393216K, used 156298K [0x000000076b400000, 0x0000000784800000, 0x00000007c0000000)
  eden space 372736K, 41% used [0x000000076b400000,0x0000000774ca2860,0x0000000782000000)
  from space 20480K, 0% used [0x0000000783400000,0x0000000783400000,0x0000000784800000)
  to   space 20480K, 0% used [0x0000000782000000,0x0000000782000000,0x0000000783400000)
 ParOldGen       total 178688K, used 21192K [0x00000006c1c00000, 0x00000006cca80000, 0x000000076b400000)
  object space 178688K, 11% used [0x00000006c1c00000,0x00000006c30b2388,0x00000006cca80000)
 Metaspace       used 52110K, capacity 54660K, committed 54784K, reserved 1097728K
  class space    used 6878K, capacity 7391K, committed 7424K, reserved 1048576K
Event: 1369.310 GC heap after
Heap after GC invocations=14 (full 5):
 PSYoungGen      total 376832K, used 4016K [0x000000076b400000, 0x0000000784700000, 0x00000007c0000000)
  eden space 372736K, 0% used [0x000000076b400000,0x000000076b400000,0x0000000782000000)
  from space 4096K, 98% used [0x0000000782000000,0x00000007823ec2f8,0x0000000782400000)
  to   space 19968K, 0% used [0x0000000783380000,0x0000000783380000,0x0000000784700000)
 ParOldGen       total 178688K, used 21200K [0x00000006c1c00000, 0x00000006cca80000, 0x000000076b400000)
  object space 178688K, 11% used [0x00000006c1c00000,0x00000006c30b4388,0x00000006cca80000)
 Metaspace       used 52110K, capacity 54660K, committed 54784K, reserved 1097728K
  class space    used 6878K, capacity 7391K, committed 7424K, reserved 1048576K
}
Event: 1369.310 GC heap before
{Heap before GC invocations=15 (full 6):
 PSYoungGen      total 376832K, used 4016K [0x000000076b400000, 0x0000000784700000, 0x00000007c0000000)
  eden space 372736K, 0% used [0x000000076b400000,0x000000076b400000,0x0000000782000000)
  from space 4096K, 98% used [0x0000000782000000,0x00000007823ec2f8,0x0000000782400000)
  to   space 19968K, 0% used [0x0000000783380000,0x0000000783380000,0x0000000784700000)
 ParOldGen       total 178688K, used 21200K [0x00000006c1c00000, 0x00000006cca80000, 0x000000076b400000)
  object space 178688K, 11% used [0x00000006c1c00000,0x00000006c30b4388,0x00000006cca80000)
 Metaspace       used 52110K, capacity 54660K, committed 54784K, reserved 1097728K
  class space    used 6878K, capacity 7391K, committed 7424K, reserved 1048576K
Event: 1369.444 GC heap after
Heap after GC invocations=15 (full 6):
 PSYoungGen      total 376832K, used 0K [0x000000076b400000, 0x0000000784700000, 0x00000007c0000000)
  eden space 372736K, 0% used [0x000000076b400000,0x000000076b400000,0x0000000782000000)
  from space 4096K, 0% used [0x0000000782000000,0x0000000782000000,0x0000000782400000)
  to   space 19968K, 0% used [0x0000000783380000,0x0000000783380000,0x0000000784700000)
 ParOldGen       total 178688K, used 21266K [0x00000006c1c00000, 0x00000006cca80000, 0x000000076b400000)
  object space 178688K, 11% used [0x00000006c1c00000,0x00000006c30c4ac8,0x00000006cca80000)
 Metaspace       used 52107K, capacity 54654K, committed 54784K, reserved 1097728K
  class space    used 6878K, capacity 7389K, committed 7424K, reserved 1048576K
}
Event: 1540.962 GC heap before
{Heap before GC invocations=16 (full 6):
 PSYoungGen      total 376832K, used 182154K [0x000000076b400000, 0x0000000784700000, 0x00000007c0000000)
  eden space 372736K, 48% used [0x000000076b400000,0x00000007765e2988,0x0000000782000000)
  from space 4096K, 0% used [0x0000000782000000,0x0000000782000000,0x0000000782400000)
  to   space 19968K, 0% used [0x0000000783380000,0x0000000783380000,0x0000000784700000)
 ParOldGen       total 178688K, used 21266K [0x00000006c1c00000, 0x00000006cca80000, 0x000000076b400000)
  object space 178688K, 11% used [0x00000006c1c00000,0x00000006c30c4ac8,0x00000006cca80000)
 Metaspace       used 52363K, capacity 55030K, committed 55168K, reserved 1097728K
  class space    used 6893K, capacity 7438K, committed 7552K, reserved 1048576K
Event: 1540.970 GC heap after
Heap after GC invocations=16 (full 6):
 PSYoungGen      total 392704K, used 3952K [0x000000076b400000, 0x0000000784700000, 0x00000007c0000000)
  eden space 372736K, 0% used [0x000000076b400000,0x000000076b400000,0x0000000782000000)
  from space 19968K, 19% used [0x0000000783380000,0x000000078375c2f8,0x0000000784700000)
  to   space 19968K, 0% used [0x0000000782000000,0x0000000782000000,0x0000000783380000)
 ParOldGen       total 178688K, used 21274K [0x00000006c1c00000, 0x00000006cca80000, 0x000000076b400000)
  object space 178688K, 11% used [0x00000006c1c00000,0x00000006c30c6ac8,0x00000006cca80000)
 Metaspace       used 52363K, capacity 55030K, committed 55168K, reserved 1097728K
  class space    used 6893K, capacity 7438K, committed 7552K, reserved 1048576K
}
Event: 1540.970 GC heap before
{Heap before GC invocations=17 (full 7):
 PSYoungGen      total 392704K, used 3952K [0x000000076b400000, 0x0000000784700000, 0x00000007c0000000)
  eden space 372736K, 0% used [0x000000076b400000,0x000000076b400000,0x0000000782000000)
  from space 19968K, 19% used [0x0000000783380000,0x000000078375c2f8,0x0000000784700000)
  to   space 19968K, 0% used [0x0000000782000000,0x0000000782000000,0x0000000783380000)
 ParOldGen       total 178688K, used 21274K [0x00000006c1c00000, 0x00000006cca80000, 0x000000076b400000)
  object space 178688K, 11% used [0x00000006c1c00000,0x00000006c30c6ac8,0x00000006cca80000)
 Metaspace       used 52363K, capacity 55030K, committed 55168K, reserved 1097728K
  class space    used 6893K, capacity 7438K, committed 7552K, reserved 1048576K
Event: 1541.181 GC heap after
Heap after GC invocations=17 (full 7):
 PSYoungGen      total 392704K, used 0K [0x000000076b400000, 0x0000000784700000, 0x00000007c0000000)
  eden space 372736K, 0% used [0x000000076b400000,0x000000076b400000,0x0000000782000000)
  from space 19968K, 0% used [0x0000000783380000,0x0000000783380000,0x0000000784700000)
  to   space 19968K, 0% used [0x0000000782000000,0x0000000782000000,0x0000000783380000)
 ParOldGen       total 178688K, used 21361K [0x00000006c1c00000, 0x00000006cca80000, 0x000000076b400000)
  object space 178688K, 11% used [0x00000006c1c00000,0x00000006c30dc660,0x00000006cca80000)
 Metaspace       used 52361K, capacity 55024K, committed 55168K, reserved 1097728K
  class space    used 6893K, capacity 7436K, committed 7552K, reserved 1048576K
}

