# JRE version: Java(TM) SE Runtime Environment (8.0_201-b09) (build 1.8.0_201-b09)
# Java VM: Java HotSpot(TM) 64-Bit Server VM (25.201-b09 mixed mode windows-amd64 compressed oops)
Heap:
 PSYoungGen      total 359424K, used 4470K [0x000000076b400000, 0x0000000782680000, 0x00000007c0000000)
  eden space 339456K, 1% used [0x000000076b400000,0x000000076b85d810,0x000000077ff80000)
  from space 19968K, 0% used [0x0000000781300000,0x0000000781300000,0x0000000782680000)
  to   space 19968K, 0% used [0x000000077ff80000,0x000000077ff80000,0x0000000781300000)
 ParOldGen       total 186368K, used 20799K [0x00000006c1c00000, 0x00000006cd200000, 0x000000076b400000)
  object space 186368K, 11% used [0x00000006c1c00000,0x00000006c304fed0,0x00000006cd200000)
 Metaspace       used 51590K, capacity 54146K, committed 54272K, reserved 1095680K
  class space    used 6856K, capacity 7379K, committed 7424K, reserved 1048576K
GC Heap History (10 events):
Event: 1564.279 GC heap before
{Heap before GC invocations=12 (full 4):
 PSYoungGen      total 359424K, used 3696K [0x000000076b400000, 0x0000000782680000, 0x00000007c0000000)
  eden space 339456K, 0% used [0x000000076b400000,0x000000076b400000,0x000000077ff80000)
  from space 19968K, 18% used [0x0000000781300000,0x000000078169c2f8,0x0000000782680000)
  to   space 19968K, 0% used [0x000000077ff80000,0x000000077ff80000,0x0000000781300000)
 ParOldGen       total 186368K, used 19634K [0x00000006c1c00000, 0x00000006cd200000, 0x000000076b400000)
  object space 186368K, 10% used [0x00000006c1c00000,0x00000006c2f2c870,0x00000006cd200000)
 Metaspace       used 50636K, capacity 52784K, committed 52864K, reserved 1095680K
  class space    used 6791K, capacity 7235K, committed 7296K, reserved 1048576K
Event: 1564.448 GC heap after
Heap after GC invocations=12 (full 4):
 PSYoungGen      total 359424K, used 0K [0x000000076b400000, 0x0000000782680000, 0x00000007c0000000)
  eden space 339456K, 0% used [0x000000076b400000,0x000000076b400000,0x000000077ff80000)
  from space 19968K, 0% used [0x0000000781300000,0x0000000781300000,0x0000000782680000)
  to   space 19968K, 0% used [0x000000077ff80000,0x000000077ff80000,0x0000000781300000)
 ParOldGen       total 186368K, used 20522K [0x00000006c1c00000, 0x00000006cd200000, 0x000000076b400000)
  object space 186368K, 11% used [0x00000006c1c00000,0x00000006c300a8f8,0x00000006cd200000)
 Metaspace       used 50634K, capacity 52778K, committed 52864K, reserved 1095680K
  class space    used 6790K, capacity 7233K, committed 7296K, reserved 1048576K
}
Event: 1587.320 GC heap before
{Heap before GC invocations=13 (full 4):
 PSYoungGen      total 359424K, used 152536K [0x000000076b400000, 0x0000000782680000, 0x00000007c0000000)
  eden space 339456K, 44% used [0x000000076b400000,0x00000007748f6198,0x000000077ff80000)
  from space 19968K, 0% used [0x0000000781300000,0x0000000781300000,0x0000000782680000)
  to   space 19968K, 0% used [0x000000077ff80000,0x000000077ff80000,0x0000000781300000)
 ParOldGen       total 186368K, used 20522K [0x00000006c1c00000, 0x00000006cd200000, 0x000000076b400000)
  object space 186368K, 11% used [0x00000006c1c00000,0x00000006c300a8f8,0x00000006cd200000)
 Metaspace       used 51121K, capacity 53418K, committed 53632K, reserved 1095680K
  class space    used 6811K, capacity 7284K, committed 7296K, reserved 1048576K
Event: 1587.326 GC heap after
Heap after GC invocations=13 (full 4):
 PSYoungGen      total 359424K, used 3628K [0x000000076b400000, 0x0000000782680000, 0x00000007c0000000)
  eden space 339456K, 0% used [0x000000076b400000,0x000000076b400000,0x000000077ff80000)
  from space 19968K, 18% used [0x000000077ff80000,0x000000078030b1c8,0x0000000781300000)
  to   space 19968K, 0% used [0x0000000781300000,0x0000000781300000,0x0000000782680000)
 ParOldGen       total 186368K, used 20530K [0x00000006c1c00000, 0x00000006cd200000, 0x000000076b400000)
  object space 186368K, 11% used [0x00000006c1c00000,0x00000006c300c8f8,0x00000006cd200000)
 Metaspace       used 51121K, capacity 53418K, committed 53632K, reserved 1095680K
  class space    used 6811K, capacity 7284K, committed 7296K, reserved 1048576K
}
Event: 1587.326 GC heap before
{Heap before GC invocations=14 (full 5):
 PSYoungGen      total 359424K, used 3628K [0x000000076b400000, 0x0000000782680000, 0x00000007c0000000)
  eden space 339456K, 0% used [0x000000076b400000,0x000000076b400000,0x000000077ff80000)
  from space 19968K, 18% used [0x000000077ff80000,0x000000078030b1c8,0x0000000781300000)
  to   space 19968K, 0% used [0x0000000781300000,0x0000000781300000,0x0000000782680000)
 ParOldGen       total 186368K, used 20530K [0x00000006c1c00000, 0x00000006cd200000, 0x000000076b400000)
  object space 186368K, 11% used [0x00000006c1c00000,0x00000006c300c8f8,0x00000006cd200000)
 Metaspace       used 51121K, capacity 53418K, committed 53632K, reserved 1095680K
  class space    used 6811K, capacity 7284K, committed 7296K, reserved 1048576K
Event: 1587.439 GC heap after
Heap after GC invocations=14 (full 5):
 PSYoungGen      total 359424K, used 0K [0x000000076b400000, 0x0000000782680000, 0x00000007c0000000)
  eden space 339456K, 0% used [0x000000076b400000,0x000000076b400000,0x000000077ff80000)
  from space 19968K, 0% used [0x000000077ff80000,0x000000077ff80000,0x0000000781300000)
  to   space 19968K, 0% used [0x0000000781300000,0x0000000781300000,0x0000000782680000)
 ParOldGen       total 186368K, used 20631K [0x00000006c1c00000, 0x00000006cd200000, 0x000000076b400000)
  object space 186368K, 11% used [0x00000006c1c00000,0x00000006c3025fa8,0x00000006cd200000)
 Metaspace       used 51118K, capacity 53412K, committed 53632K, reserved 1095680K
  class space    used 6810K, capacity 7282K, committed 7296K, reserved 1048576K
}
Event: 1753.009 GC heap before
{Heap before GC invocations=15 (full 5):
 PSYoungGen      total 359424K, used 173246K [0x000000076b400000, 0x0000000782680000, 0x00000007c0000000)
  eden space 339456K, 51% used [0x000000076b400000,0x0000000775d2f880,0x000000077ff80000)
  from space 19968K, 0% used [0x000000077ff80000,0x000000077ff80000,0x0000000781300000)
  to   space 19968K, 0% used [0x0000000781300000,0x0000000781300000,0x0000000782680000)
 ParOldGen       total 186368K, used 20631K [0x00000006c1c00000, 0x00000006cd200000, 0x000000076b400000)
  object space 186368K, 11% used [0x00000006c1c00000,0x00000006c3025fa8,0x00000006cd200000)
 Metaspace       used 51592K, capacity 54152K, committed 54272K, reserved 1095680K
  class space    used 6857K, capacity 7381K, committed 7424K, reserved 1048576K
Event: 1753.018 GC heap after
Heap after GC invocations=15 (full 5):
 PSYoungGen      total 359424K, used 3696K [0x000000076b400000, 0x0000000782680000, 0x00000007c0000000)
  eden space 339456K, 0% used [0x000000076b400000,0x000000076b400000,0x000000077ff80000)
  from space 19968K, 18% used [0x0000000781300000,0x000000078169c2f8,0x0000000782680000)
  to   space 19968K, 0% used [0x000000077ff80000,0x000000077ff80000,0x0000000781300000)
 ParOldGen       total 186368K, used 20639K [0x00000006c1c00000, 0x00000006cd200000, 0x000000076b400000)
  object space 186368K, 11% used [0x00000006c1c00000,0x00000006c3027fa8,0x00000006cd200000)
 Metaspace       used 51592K, capacity 54152K, committed 54272K, reserved 1095680K
  class space    used 6857K, capacity 7381K, committed 7424K, reserved 1048576K
}
Event: 1753.018 GC heap before
{Heap before GC invocations=16 (full 6):
 PSYoungGen      total 359424K, used 3696K [0x000000076b400000, 0x0000000782680000, 0x00000007c0000000)
  eden space 339456K, 0% used [0x000000076b400000,0x000000076b400000,0x000000077ff80000)
  from space 19968K, 18% used [0x0000000781300000,0x000000078169c2f8,0x0000000782680000)
  to   space 19968K, 0% used [0x000000077ff80000,0x000000077ff80000,0x0000000781300000)
 ParOldGen       total 186368K, used 20639K [0x00000006c1c00000, 0x00000006cd200000, 0x000000076b400000)
  object space 186368K, 11% used [0x00000006c1c00000,0x00000006c3027fa8,0x00000006cd200000)
 Metaspace       used 51592K, capacity 54152K, committed 54272K, reserved 1095680K
  class space    used 6857K, capacity 7381K, committed 7424K, reserved 1048576K
Event: 1753.188 GC heap after
Heap after GC invocations=16 (full 6):
 PSYoungGen      total 359424K, used 0K [0x000000076b400000, 0x0000000782680000, 0x00000007c0000000)
  eden space 339456K, 0% used [0x000000076b400000,0x000000076b400000,0x000000077ff80000)
  from space 19968K, 0% used [0x0000000781300000,0x0000000781300000,0x0000000782680000)
  to   space 19968K, 0% used [0x000000077ff80000,0x000000077ff80000,0x0000000781300000)
 ParOldGen       total 186368K, used 20799K [0x00000006c1c00000, 0x00000006cd200000, 0x000000076b400000)
  object space 186368K, 11% used [0x00000006c1c00000,0x00000006c304fed0,0x00000006cd200000)
 Metaspace       used 51589K, capacity 54146K, committed 54272K, reserved 1095680K
  class space    used 6856K, capacity 7379K, committed 7424K, reserved 1048576K
}

