# JRE version: Java(TM) SE Runtime Environment (8.0_201-b09) (build 1.8.0_201-b09)
# Java VM: Java HotSpot(TM) 64-Bit Server VM (25.201-b09 mixed mode windows-amd64 compressed oops)
Heap:
 PSYoungGen      total 195584K, used 4340K [0x000000076b400000, 0x0000000778500000, 0x00000007c0000000)
  eden space 177152K, 2% used [0x000000076b400000,0x000000076b83d150,0x0000000776100000)
  from space 18432K, 0% used [0x0000000776100000,0x0000000776100000,0x0000000777300000)
  to   space 18432K, 0% used [0x0000000777300000,0x0000000777300000,0x0000000778500000)
 ParOldGen       total 174080K, used 20165K [0x00000006c1c00000, 0x00000006cc600000, 0x000000076b400000)
  object space 174080K, 11% used [0x00000006c1c00000,0x00000006c2fb17c0,0x00000006cc600000)
 Metaspace       used 50386K, capacity 52452K, committed 52608K, reserved 1095680K
  class space    used 6794K, capacity 7184K, committed 7296K, reserved 1048576K
GC Heap History (10 events):
Event: 3.677 GC heap before
{Heap before GC invocations=8 (full 2):
 PSYoungGen      total 147456K, used 14314K [0x000000076b400000, 0x0000000778380000, 0x00000007c0000000)
  eden space 133120K, 0% used [0x000000076b400000,0x000000076b400000,0x0000000773600000)
  from space 14336K, 99% used [0x0000000774700000,0x00000007754fab78,0x0000000775500000)
  to   space 17408K, 0% used [0x0000000773600000,0x0000000773600000,0x0000000774700000)
 ParOldGen       total 109056K, used 10575K [0x00000006c1c00000, 0x00000006c8680000, 0x000000076b400000)
  object space 109056K, 9% used [0x00000006c1c00000,0x00000006c2653d00,0x00000006c8680000)
 Metaspace       used 33973K, capacity 35414K, committed 35456K, reserved 1079296K
  class space    used 4434K, capacity 4723K, committed 4736K, reserved 1048576K
Event: 3.728 GC heap after
Heap after GC invocations=8 (full 2):
 PSYoungGen      total 147456K, used 0K [0x000000076b400000, 0x0000000778380000, 0x00000007c0000000)
  eden space 133120K, 0% used [0x000000076b400000,0x000000076b400000,0x0000000773600000)
  from space 14336K, 0% used [0x0000000774700000,0x0000000774700000,0x0000000775500000)
  to   space 17408K, 0% used [0x0000000773600000,0x0000000773600000,0x0000000774700000)
 ParOldGen       total 174080K, used 19017K [0x00000006c1c00000, 0x00000006cc600000, 0x000000076b400000)
  object space 174080K, 10% used [0x00000006c1c00000,0x00000006c2e92578,0x00000006cc600000)
 Metaspace       used 33973K, capacity 35414K, committed 35456K, reserved 1079296K
  class space    used 4434K, capacity 4723K, committed 4736K, reserved 1048576K
}
Event: 5.754 GC heap before
{Heap before GC invocations=9 (full 2):
 PSYoungGen      total 147456K, used 133120K [0x000000076b400000, 0x0000000778380000, 0x00000007c0000000)
  eden space 133120K, 100% used [0x000000076b400000,0x0000000773600000,0x0000000773600000)
  from space 14336K, 0% used [0x0000000774700000,0x0000000774700000,0x0000000775500000)
  to   space 17408K, 0% used [0x0000000773600000,0x0000000773600000,0x0000000774700000)
 ParOldGen       total 174080K, used 19017K [0x00000006c1c00000, 0x00000006cc600000, 0x000000076b400000)
  object space 174080K, 10% used [0x00000006c1c00000,0x00000006c2e92578,0x00000006cc600000)
 Metaspace       used 46712K, capacity 48638K, committed 48768K, reserved 1091584K
  class space    used 6342K, capacity 6700K, committed 6784K, reserved 1048576K
Event: 5.765 GC heap after
Heap after GC invocations=9 (full 2):
 PSYoungGen      total 150528K, used 15430K [0x000000076b400000, 0x0000000778f80000, 0x00000007c0000000)
  eden space 133120K, 0% used [0x000000076b400000,0x000000076b400000,0x0000000773600000)
  from space 17408K, 88% used [0x0000000773600000,0x0000000774511910,0x0000000774700000)
  to   space 19456K, 0% used [0x0000000777c80000,0x0000000777c80000,0x0000000778f80000)
 ParOldGen       total 174080K, used 19025K [0x00000006c1c00000, 0x00000006cc600000, 0x000000076b400000)
  object space 174080K, 10% used [0x00000006c1c00000,0x00000006c2e94578,0x00000006cc600000)
 Metaspace       used 46712K, capacity 48638K, committed 48768K, reserved 1091584K
  class space    used 6342K, capacity 6700K, committed 6784K, reserved 1048576K
}
Event: 732.833 GC heap before
{Heap before GC invocations=10 (full 2):
 PSYoungGen      total 150528K, used 148550K [0x000000076b400000, 0x0000000778f80000, 0x00000007c0000000)
  eden space 133120K, 100% used [0x000000076b400000,0x0000000773600000,0x0000000773600000)
  from space 17408K, 88% used [0x0000000773600000,0x0000000774511910,0x0000000774700000)
  to   space 19456K, 0% used [0x0000000777c80000,0x0000000777c80000,0x0000000778f80000)
 ParOldGen       total 174080K, used 19025K [0x00000006c1c00000, 0x00000006cc600000, 0x000000076b400000)
  object space 174080K, 10% used [0x00000006c1c00000,0x00000006c2e94578,0x00000006cc600000)
 Metaspace       used 49575K, capacity 51526K, committed 51712K, reserved 1093632K
  class space    used 6682K, capacity 7062K, committed 7168K, reserved 1048576K
Event: 732.853 GC heap after
Heap after GC invocations=10 (full 2):
 PSYoungGen      total 185856K, used 7943K [0x000000076b400000, 0x0000000778500000, 0x00000007c0000000)
  eden space 177152K, 0% used [0x000000076b400000,0x000000076b400000,0x0000000776100000)
  from space 8704K, 91% used [0x0000000777c80000,0x0000000778441de8,0x0000000778500000)
  to   space 18432K, 0% used [0x0000000776100000,0x0000000776100000,0x0000000777300000)
 ParOldGen       total 174080K, used 19033K [0x00000006c1c00000, 0x00000006cc600000, 0x000000076b400000)
  object space 174080K, 10% used [0x00000006c1c00000,0x00000006c2e96578,0x00000006cc600000)
 Metaspace       used 49575K, capacity 51526K, committed 51712K, reserved 1093632K
  class space    used 6682K, capacity 7062K, committed 7168K, reserved 1048576K
}
Event: 1109.656 GC heap before
{Heap before GC invocations=11 (full 2):
 PSYoungGen      total 185856K, used 79986K [0x000000076b400000, 0x0000000778500000, 0x00000007c0000000)
  eden space 177152K, 40% used [0x000000076b400000,0x000000076fa5ac10,0x0000000776100000)
  from space 8704K, 91% used [0x0000000777c80000,0x0000000778441de8,0x0000000778500000)
  to   space 18432K, 0% used [0x0000000776100000,0x0000000776100000,0x0000000777300000)
 ParOldGen       total 174080K, used 19033K [0x00000006c1c00000, 0x00000006cc600000, 0x000000076b400000)
  object space 174080K, 10% used [0x00000006c1c00000,0x00000006c2e96578,0x00000006cc600000)
 Metaspace       used 50382K, capacity 52452K, committed 52608K, reserved 1095680K
  class space    used 6792K, capacity 7184K, committed 7296K, reserved 1048576K
Event: 1109.667 GC heap after
Heap after GC invocations=11 (full 2):
 PSYoungGen      total 195584K, used 6263K [0x000000076b400000, 0x0000000778500000, 0x00000007c0000000)
  eden space 177152K, 0% used [0x000000076b400000,0x000000076b400000,0x0000000776100000)
  from space 18432K, 33% used [0x0000000776100000,0x000000077671dcd8,0x0000000777300000)
  to   space 18432K, 0% used [0x0000000777300000,0x0000000777300000,0x0000000778500000)
 ParOldGen       total 174080K, used 19041K [0x00000006c1c00000, 0x00000006cc600000, 0x000000076b400000)
  object space 174080K, 10% used [0x00000006c1c00000,0x00000006c2e98578,0x00000006cc600000)
 Metaspace       used 50382K, capacity 52452K, committed 52608K, reserved 1095680K
  class space    used 6792K, capacity 7184K, committed 7296K, reserved 1048576K
}
Event: 1109.667 GC heap before
{Heap before GC invocations=12 (full 3):
 PSYoungGen      total 195584K, used 6263K [0x000000076b400000, 0x0000000778500000, 0x00000007c0000000)
  eden space 177152K, 0% used [0x000000076b400000,0x000000076b400000,0x0000000776100000)
  from space 18432K, 33% used [0x0000000776100000,0x000000077671dcd8,0x0000000777300000)
  to   space 18432K, 0% used [0x0000000777300000,0x0000000777300000,0x0000000778500000)
 ParOldGen       total 174080K, used 19041K [0x00000006c1c00000, 0x00000006cc600000, 0x000000076b400000)
  object space 174080K, 10% used [0x00000006c1c00000,0x00000006c2e98578,0x00000006cc600000)
 Metaspace       used 50382K, capacity 52452K, committed 52608K, reserved 1095680K
  class space    used 6792K, capacity 7184K, committed 7296K, reserved 1048576K
Event: 1109.912 GC heap after
Heap after GC invocations=12 (full 3):
 PSYoungGen      total 195584K, used 0K [0x000000076b400000, 0x0000000778500000, 0x00000007c0000000)
  eden space 177152K, 0% used [0x000000076b400000,0x000000076b400000,0x0000000776100000)
  from space 18432K, 0% used [0x0000000776100000,0x0000000776100000,0x0000000777300000)
  to   space 18432K, 0% used [0x0000000777300000,0x0000000777300000,0x0000000778500000)
 ParOldGen       total 174080K, used 20165K [0x00000006c1c00000, 0x00000006cc600000, 0x000000076b400000)
  object space 174080K, 11% used [0x00000006c1c00000,0x00000006c2fb17c0,0x00000006cc600000)
 Metaspace       used 50382K, capacity 52452K, committed 52608K, reserved 1095680K
  class space    used 6792K, capacity 7184K, committed 7296K, reserved 1048576K
}

