# JRE version: Java(TM) SE Runtime Environment (11.0.2+9) (build 11.0.2+9-LTS)
# Java VM: Java HotSpot(TM) 64-Bit Server VM (11.0.2+9-LTS, mixed mode, tiered, compressed oops, g1 gc, windows-amd64)
Heap:
 garbage-first heap   total 71680K, used 23051K [0x00000000a6800000, 0x0000000100000000)
  region size 1024K, 1 young (1024K), 0 survivors (0K)
 Metaspace       used 63023K, capacity 64963K, committed 65276K, reserved 1105920K
  class space    used 7348K, capacity 8120K, committed 8192K, reserved 1048576K
GC Heap History (10 events):
Event: 16325.063 GC heap before
{Heap before GC invocations=92 (full 13):
 garbage-first heap   total 71680K, used 55766K [0x00000000a6800000, 0x0000000100000000)
  region size 1024K, 32 young (32768K), 0 survivors (0K)
 Metaspace       used 62866K, capacity 64730K, committed 65020K, reserved 1105920K
  class space    used 7337K, capacity 8084K, committed 8192K, reserved 1048576K
}
Event: 16325.067 GC heap after
{Heap after GC invocations=93 (full 13):
 garbage-first heap   total 71680K, used 25015K [0x00000000a6800000, 0x0000000100000000)
  region size 1024K, 2 young (2048K), 2 survivors (2048K)
 Metaspace       used 62866K, capacity 64730K, committed 65020K, reserved 1105920K
  class space    used 7337K, capacity 8084K, committed 8192K, reserved 1048576K
}
Event: 16325.254 GC heap before
{Heap before GC invocations=93 (full 13):
 garbage-first heap   total 71680K, used 55735K [0x00000000a6800000, 0x0000000100000000)
  region size 1024K, 33 young (33792K), 2 survivors (2048K)
 Metaspace       used 62893K, capacity 64732K, committed 65020K, reserved 1105920K
  class space    used 7339K, capacity 8086K, committed 8192K, reserved 1048576K
}
Event: 16325.259 GC heap after
{Heap after GC invocations=94 (full 13):
 garbage-first heap   total 71680K, used 25839K [0x00000000a6800000, 0x0000000100000000)
  region size 1024K, 3 young (3072K), 3 survivors (3072K)
 Metaspace       used 62893K, capacity 64732K, committed 65020K, reserved 1105920K
  class space    used 7339K, capacity 8086K, committed 8192K, reserved 1048576K
}
Event: 16325.722 GC heap before
{Heap before GC invocations=94 (full 13):
 garbage-first heap   total 71680K, used 55535K [0x00000000a6800000, 0x0000000100000000)
  region size 1024K, 33 young (33792K), 3 survivors (3072K)
 Metaspace       used 63015K, capacity 64899K, committed 65020K, reserved 1105920K
  class space    used 7348K, capacity 8120K, committed 8192K, reserved 1048576K
}
Event: 16325.730 GC heap after
{Heap after GC invocations=95 (full 13):
 garbage-first heap   total 71680K, used 27297K [0x00000000a6800000, 0x0000000100000000)
  region size 1024K, 3 young (3072K), 3 survivors (3072K)
 Metaspace       used 63015K, capacity 64899K, committed 65020K, reserved 1105920K
  class space    used 7348K, capacity 8120K, committed 8192K, reserved 1048576K
}
Event: 16682.360 GC heap before
{Heap before GC invocations=95 (full 13):
 garbage-first heap   total 71680K, used 56993K [0x00000000a6800000, 0x0000000100000000)
  region size 1024K, 32 young (32768K), 3 survivors (3072K)
 Metaspace       used 63018K, capacity 64899K, committed 65020K, reserved 1105920K
  class space    used 7348K, capacity 8120K, committed 8192K, reserved 1048576K
}
Event: 16682.366 GC heap after
{Heap after GC invocations=96 (full 13):
 garbage-first heap   total 71680K, used 27258K [0x00000000a6800000, 0x0000000100000000)
  region size 1024K, 2 young (2048K), 2 survivors (2048K)
 Metaspace       used 63018K, capacity 64899K, committed 65020K, reserved 1105920K
  class space    used 7348K, capacity 8120K, committed 8192K, reserved 1048576K
}
Event: 16746.530 GC heap before
{Heap before GC invocations=96 (full 13):
 garbage-first heap   total 71680K, used 33402K [0x00000000a6800000, 0x0000000100000000)
  region size 1024K, 9 young (9216K), 2 survivors (2048K)
 Metaspace       used 63025K, capacity 64969K, committed 65276K, reserved 1105920K
  class space    used 7349K, capacity 8122K, committed 8192K, reserved 1048576K
}
Event: 16746.628 GC heap after
{Heap after GC invocations=97 (full 14):
 garbage-first heap   total 71680K, used 23051K [0x00000000a6800000, 0x0000000100000000)
  region size 1024K, 0 young (0K), 0 survivors (0K)
 Metaspace       used 63023K, capacity 64963K, committed 65276K, reserved 1105920K
  class space    used 7348K, capacity 8120K, committed 8192K, reserved 1048576K
}

