# JRE version: Java(TM) SE Runtime Environment (8.0_201-b09) (build 1.8.0_201-b09)
# Java VM: Java HotSpot(TM) 64-Bit Server VM (25.201-b09 mixed mode windows-amd64 compressed oops)
Heap:
 PSYoungGen      total 194560K, used 5094K [0x000000076b400000, 0x0000000778500000, 0x00000007c0000000)
  eden space 177152K, 2% used [0x000000076b400000,0x000000076b8f98c8,0x0000000776100000)
  from space 17408K, 0% used [0x0000000777400000,0x0000000777400000,0x0000000778500000)
  to   space 18432K, 0% used [0x0000000776100000,0x0000000776100000,0x0000000777300000)
 ParOldGen       total 178176K, used 21229K [0x00000006c1c00000, 0x00000006cca00000, 0x000000076b400000)
  object space 178176K, 11% used [0x00000006c1c00000,0x00000006c30bb628,0x00000006cca00000)
 Metaspace       used 49662K, capacity 51746K, committed 51968K, reserved 1093632K
  class space    used 6728K, capacity 7147K, committed 7168K, reserved 1048576K
GC Heap History (10 events):
Event: 4.529 GC heap before
{Heap before GC invocations=7 (full 1):
 PSYoungGen      total 134656K, used 116019K [0x000000076b400000, 0x0000000775300000, 0x00000007c0000000)
  eden space 123904K, 84% used [0x000000076b400000,0x0000000771ad6d00,0x0000000772d00000)
  from space 10752K, 99% used [0x0000000772d00000,0x0000000773776088,0x0000000773780000)
  to   space 13824K, 0% used [0x0000000774580000,0x0000000774580000,0x0000000775300000)
 ParOldGen       total 108032K, used 9750K [0x00000006c1c00000, 0x00000006c8580000, 0x000000076b400000)
  object space 108032K, 9% used [0x00000006c1c00000,0x00000006c25858d8,0x00000006c8580000)
 Metaspace       used 33987K, capacity 35418K, committed 35456K, reserved 1079296K
  class space    used 4430K, capacity 4723K, committed 4736K, reserved 1048576K
Event: 4.551 GC heap after
Heap after GC invocations=7 (full 1):
 PSYoungGen      total 145920K, used 13808K [0x000000076b400000, 0x0000000778380000, 0x00000007c0000000)
  eden space 132096K, 0% used [0x000000076b400000,0x000000076b400000,0x0000000773500000)
  from space 13824K, 99% used [0x0000000774580000,0x00000007752fc088,0x0000000775300000)
  to   space 16896K, 0% used [0x0000000773500000,0x0000000773500000,0x0000000774580000)
 ParOldGen       total 108032K, used 10602K [0x00000006c1c00000, 0x00000006c8580000, 0x000000076b400000)
  object space 108032K, 9% used [0x00000006c1c00000,0x00000006c265ab58,0x00000006c8580000)
 Metaspace       used 33987K, capacity 35418K, committed 35456K, reserved 1079296K
  class space    used 4430K, capacity 4723K, committed 4736K, reserved 1048576K
}
Event: 4.551 GC heap before
{Heap before GC invocations=8 (full 2):
 PSYoungGen      total 145920K, used 13808K [0x000000076b400000, 0x0000000778380000, 0x00000007c0000000)
  eden space 132096K, 0% used [0x000000076b400000,0x000000076b400000,0x0000000773500000)
  from space 13824K, 99% used [0x0000000774580000,0x00000007752fc088,0x0000000775300000)
  to   space 16896K, 0% used [0x0000000773500000,0x0000000773500000,0x0000000774580000)
 ParOldGen       total 108032K, used 10602K [0x00000006c1c00000, 0x00000006c8580000, 0x000000076b400000)
  object space 108032K, 9% used [0x00000006c1c00000,0x00000006c265ab58,0x00000006c8580000)
 Metaspace       used 33987K, capacity 35418K, committed 35456K, reserved 1079296K
  class space    used 4430K, capacity 4723K, committed 4736K, reserved 1048576K
Event: 4.654 GC heap after
Heap after GC invocations=8 (full 2):
 PSYoungGen      total 145920K, used 0K [0x000000076b400000, 0x0000000778380000, 0x00000007c0000000)
  eden space 132096K, 0% used [0x000000076b400000,0x000000076b400000,0x0000000773500000)
  from space 13824K, 0% used [0x0000000774580000,0x0000000774580000,0x0000000775300000)
  to   space 16896K, 0% used [0x0000000773500000,0x0000000773500000,0x0000000774580000)
 ParOldGen       total 178176K, used 18897K [0x00000006c1c00000, 0x00000006cca00000, 0x000000076b400000)
  object space 178176K, 10% used [0x00000006c1c00000,0x00000006c2e74498,0x00000006cca00000)
 Metaspace       used 33987K, capacity 35418K, committed 35456K, reserved 1079296K
  class space    used 4430K, capacity 4723K, committed 4736K, reserved 1048576K
}
Event: 7.380 GC heap before
{Heap before GC invocations=9 (full 2):
 PSYoungGen      total 145920K, used 132096K [0x000000076b400000, 0x0000000778380000, 0x00000007c0000000)
  eden space 132096K, 100% used [0x000000076b400000,0x0000000773500000,0x0000000773500000)
  from space 13824K, 0% used [0x0000000774580000,0x0000000774580000,0x0000000775300000)
  to   space 16896K, 0% used [0x0000000773500000,0x0000000773500000,0x0000000774580000)
 ParOldGen       total 178176K, used 18897K [0x00000006c1c00000, 0x00000006cca00000, 0x000000076b400000)
  object space 178176K, 10% used [0x00000006c1c00000,0x00000006c2e74498,0x00000006cca00000)
 Metaspace       used 46724K, capacity 48648K, committed 48768K, reserved 1091584K
  class space    used 6343K, capacity 6701K, committed 6784K, reserved 1048576K
Event: 7.392 GC heap after
Heap after GC invocations=9 (full 2):
 PSYoungGen      total 148992K, used 15308K [0x000000076b400000, 0x0000000778700000, 0x00000007c0000000)
  eden space 132096K, 0% used [0x000000076b400000,0x000000076b400000,0x0000000773500000)
  from space 16896K, 90% used [0x0000000773500000,0x00000007743f3178,0x0000000774580000)
  to   space 19456K, 0% used [0x0000000777400000,0x0000000777400000,0x0000000778700000)
 ParOldGen       total 178176K, used 18905K [0x00000006c1c00000, 0x00000006cca00000, 0x000000076b400000)
  object space 178176K, 10% used [0x00000006c1c00000,0x00000006c2e76498,0x00000006cca00000)
 Metaspace       used 46724K, capacity 48648K, committed 48768K, reserved 1091584K
  class space    used 6343K, capacity 6701K, committed 6784K, reserved 1048576K
}
Event: 78.017 GC heap before
{Heap before GC invocations=10 (full 2):
 PSYoungGen      total 148992K, used 62884K [0x000000076b400000, 0x0000000778700000, 0x00000007c0000000)
  eden space 132096K, 36% used [0x000000076b400000,0x000000076e275fa8,0x0000000773500000)
  from space 16896K, 90% used [0x0000000773500000,0x00000007743f3178,0x0000000774580000)
  to   space 19456K, 0% used [0x0000000777400000,0x0000000777400000,0x0000000778700000)
 ParOldGen       total 178176K, used 18905K [0x00000006c1c00000, 0x00000006cca00000, 0x000000076b400000)
  object space 178176K, 10% used [0x00000006c1c00000,0x00000006c2e76498,0x00000006cca00000)
 Metaspace       used 49660K, capacity 51746K, committed 51968K, reserved 1093632K
  class space    used 6727K, capacity 7147K, committed 7168K, reserved 1048576K
Event: 78.024 GC heap after
Heap after GC invocations=10 (full 2):
 PSYoungGen      total 194560K, used 7386K [0x000000076b400000, 0x0000000778500000, 0x00000007c0000000)
  eden space 177152K, 0% used [0x000000076b400000,0x000000076b400000,0x0000000776100000)
  from space 17408K, 42% used [0x0000000777400000,0x0000000777b369e0,0x0000000778500000)
  to   space 18432K, 0% used [0x0000000776100000,0x0000000776100000,0x0000000777300000)
 ParOldGen       total 178176K, used 18913K [0x00000006c1c00000, 0x00000006cca00000, 0x000000076b400000)
  object space 178176K, 10% used [0x00000006c1c00000,0x00000006c2e78498,0x00000006cca00000)
 Metaspace       used 49660K, capacity 51746K, committed 51968K, reserved 1093632K
  class space    used 6727K, capacity 7147K, committed 7168K, reserved 1048576K
}
Event: 78.024 GC heap before
{Heap before GC invocations=11 (full 3):
 PSYoungGen      total 194560K, used 7386K [0x000000076b400000, 0x0000000778500000, 0x00000007c0000000)
  eden space 177152K, 0% used [0x000000076b400000,0x000000076b400000,0x0000000776100000)
  from space 17408K, 42% used [0x0000000777400000,0x0000000777b369e0,0x0000000778500000)
  to   space 18432K, 0% used [0x0000000776100000,0x0000000776100000,0x0000000777300000)
 ParOldGen       total 178176K, used 18913K [0x00000006c1c00000, 0x00000006cca00000, 0x000000076b400000)
  object space 178176K, 10% used [0x00000006c1c00000,0x00000006c2e78498,0x00000006cca00000)
 Metaspace       used 49660K, capacity 51746K, committed 51968K, reserved 1093632K
  class space    used 6727K, capacity 7147K, committed 7168K, reserved 1048576K
Event: 78.159 GC heap after
Heap after GC invocations=11 (full 3):
 PSYoungGen      total 194560K, used 0K [0x000000076b400000, 0x0000000778500000, 0x00000007c0000000)
  eden space 177152K, 0% used [0x000000076b400000,0x000000076b400000,0x0000000776100000)
  from space 17408K, 0% used [0x0000000777400000,0x0000000777400000,0x0000000778500000)
  to   space 18432K, 0% used [0x0000000776100000,0x0000000776100000,0x0000000777300000)
 ParOldGen       total 178176K, used 21229K [0x00000006c1c00000, 0x00000006cca00000, 0x000000076b400000)
  object space 178176K, 11% used [0x00000006c1c00000,0x00000006c30bb628,0x00000006cca00000)
 Metaspace       used 49660K, capacity 51746K, committed 51968K, reserved 1093632K
  class space    used 6727K, capacity 7147K, committed 7168K, reserved 1048576K
}

