# JRE version: Java(TM) SE Runtime Environment (8.0_201-b09) (build 1.8.0_201-b09)
# Java VM: Java HotSpot(TM) 64-Bit Server VM (25.201-b09 mixed mode windows-amd64 compressed oops)
Heap:
 PSYoungGen      total 263680K, used 2458K [0x000000076b400000, 0x000000077c880000, 0x00000007c0000000)
  eden space 245760K, 1% used [0x000000076b400000,0x000000076b6668d0,0x000000077a400000)
  from space 17920K, 0% used [0x000000077b600000,0x000000077b600000,0x000000077c780000)
  to   space 18432K, 0% used [0x000000077a400000,0x000000077a400000,0x000000077b600000)
 ParOldGen       total 177152K, used 20227K [0x00000006c1c00000, 0x00000006cc900000, 0x000000076b400000)
  object space 177152K, 11% used [0x00000006c1c00000,0x00000006c2fc0f68,0x00000006cc900000)
 Metaspace       used 52236K, capacity 54436K, committed 54528K, reserved 1095680K
  class space    used 6969K, capacity 7392K, committed 7424K, reserved 1048576K
GC Heap History (10 events):
Event: 342.978 GC heap before
{Heap before GC invocations=10 (full 2):
 PSYoungGen      total 147456K, used 105107K [0x000000076b400000, 0x0000000778d00000, 0x00000007c0000000)
  eden space 130048K, 69% used [0x000000076b400000,0x0000000770bc8410,0x0000000773300000)
  from space 17408K, 87% used [0x0000000773300000,0x00000007741dca60,0x0000000774400000)
  to   space 19456K, 0% used [0x0000000777a00000,0x0000000777a00000,0x0000000778d00000)
 ParOldGen       total 177152K, used 19235K [0x00000006c1c00000, 0x00000006cc900000, 0x000000076b400000)
  object space 177152K, 10% used [0x00000006c1c00000,0x00000006c2ec8d10,0x00000006cc900000)
 Metaspace       used 50371K, capacity 52464K, committed 52608K, reserved 1095680K
  class space    used 6807K, capacity 7214K, committed 7296K, reserved 1048576K
Event: 342.985 GC heap after
Heap after GC invocations=10 (full 2):
 PSYoungGen      total 200704K, used 8036K [0x000000076b400000, 0x0000000778b00000, 0x00000007c0000000)
  eden space 183296K, 0% used [0x000000076b400000,0x000000076b400000,0x0000000776700000)
  from space 17408K, 46% used [0x0000000777a00000,0x00000007781d9170,0x0000000778b00000)
  to   space 18432K, 0% used [0x0000000776700000,0x0000000776700000,0x0000000777900000)
 ParOldGen       total 177152K, used 19243K [0x00000006c1c00000, 0x00000006cc900000, 0x000000076b400000)
  object space 177152K, 10% used [0x00000006c1c00000,0x00000006c2ecad10,0x00000006cc900000)
 Metaspace       used 50371K, capacity 52464K, committed 52608K, reserved 1095680K
  class space    used 6807K, capacity 7214K, committed 7296K, reserved 1048576K
}
Event: 342.985 GC heap before
{Heap before GC invocations=11 (full 3):
 PSYoungGen      total 200704K, used 8036K [0x000000076b400000, 0x0000000778b00000, 0x00000007c0000000)
  eden space 183296K, 0% used [0x000000076b400000,0x000000076b400000,0x0000000776700000)
  from space 17408K, 46% used [0x0000000777a00000,0x00000007781d9170,0x0000000778b00000)
  to   space 18432K, 0% used [0x0000000776700000,0x0000000776700000,0x0000000777900000)
 ParOldGen       total 177152K, used 19243K [0x00000006c1c00000, 0x00000006cc900000, 0x000000076b400000)
  object space 177152K, 10% used [0x00000006c1c00000,0x00000006c2ecad10,0x00000006cc900000)
 Metaspace       used 50371K, capacity 52464K, committed 52608K, reserved 1095680K
  class space    used 6807K, capacity 7214K, committed 7296K, reserved 1048576K
Event: 343.368 GC heap after
Heap after GC invocations=11 (full 3):
 PSYoungGen      total 200704K, used 0K [0x000000076b400000, 0x0000000778b00000, 0x00000007c0000000)
  eden space 183296K, 0% used [0x000000076b400000,0x000000076b400000,0x0000000776700000)
  from space 17408K, 0% used [0x0000000777a00000,0x0000000777a00000,0x0000000778b00000)
  to   space 18432K, 0% used [0x0000000776700000,0x0000000776700000,0x0000000777900000)
 ParOldGen       total 177152K, used 21804K [0x00000006c1c00000, 0x00000006cc900000, 0x000000076b400000)
  object space 177152K, 12% used [0x00000006c1c00000,0x00000006c314b1c8,0x00000006cc900000)
 Metaspace       used 50371K, capacity 52464K, committed 52608K, reserved 1095680K
  class space    used 6807K, capacity 7214K, committed 7296K, reserved 1048576K
}
Event: 589.003 GC heap before
{Heap before GC invocations=12 (full 3):
 PSYoungGen      total 200704K, used 183296K [0x000000076b400000, 0x0000000778b00000, 0x00000007c0000000)
  eden space 183296K, 100% used [0x000000076b400000,0x0000000776700000,0x0000000776700000)
  from space 17408K, 0% used [0x0000000777a00000,0x0000000777a00000,0x0000000778b00000)
  to   space 18432K, 0% used [0x0000000776700000,0x0000000776700000,0x0000000777900000)
 ParOldGen       total 177152K, used 21804K [0x00000006c1c00000, 0x00000006cc900000, 0x000000076b400000)
  object space 177152K, 12% used [0x00000006c1c00000,0x00000006c314b1c8,0x00000006cc900000)
 Metaspace       used 52123K, capacity 54300K, committed 54528K, reserved 1095680K
  class space    used 6969K, capacity 7392K, committed 7424K, reserved 1048576K
Event: 589.015 GC heap after
Heap after GC invocations=12 (full 3):
 PSYoungGen      total 201728K, used 6481K [0x000000076b400000, 0x000000077c780000, 0x00000007c0000000)
  eden space 183296K, 0% used [0x000000076b400000,0x000000076b400000,0x0000000776700000)
  from space 18432K, 35% used [0x0000000776700000,0x0000000776d54468,0x0000000777900000)
  to   space 17920K, 0% used [0x000000077b600000,0x000000077b600000,0x000000077c780000)
 ParOldGen       total 177152K, used 21812K [0x00000006c1c00000, 0x00000006cc900000, 0x000000076b400000)
  object space 177152K, 12% used [0x00000006c1c00000,0x00000006c314d1c8,0x00000006cc900000)
 Metaspace       used 52123K, capacity 54300K, committed 54528K, reserved 1095680K
  class space    used 6969K, capacity 7392K, committed 7424K, reserved 1048576K
}
Event: 1021.218 GC heap before
{Heap before GC invocations=13 (full 3):
 PSYoungGen      total 201728K, used 78114K [0x000000076b400000, 0x000000077c780000, 0x00000007c0000000)
  eden space 183296K, 39% used [0x000000076b400000,0x000000076f9f46f0,0x0000000776700000)
  from space 18432K, 35% used [0x0000000776700000,0x0000000776d54468,0x0000000777900000)
  to   space 17920K, 0% used [0x000000077b600000,0x000000077b600000,0x000000077c780000)
 ParOldGen       total 177152K, used 21812K [0x00000006c1c00000, 0x00000006cc900000, 0x000000076b400000)
  object space 177152K, 12% used [0x00000006c1c00000,0x00000006c314d1c8,0x00000006cc900000)
 Metaspace       used 52238K, capacity 54442K, committed 54528K, reserved 1095680K
  class space    used 6969K, capacity 7394K, committed 7424K, reserved 1048576K
Event: 1021.221 GC heap after
Heap after GC invocations=13 (full 3):
 PSYoungGen      total 263680K, used 3264K [0x000000076b400000, 0x000000077c880000, 0x00000007c0000000)
  eden space 245760K, 0% used [0x000000076b400000,0x000000076b400000,0x000000077a400000)
  from space 17920K, 18% used [0x000000077b600000,0x000000077b930000,0x000000077c780000)
  to   space 18432K, 0% used [0x000000077a400000,0x000000077a400000,0x000000077b600000)
 ParOldGen       total 177152K, used 21820K [0x00000006c1c00000, 0x00000006cc900000, 0x000000076b400000)
  object space 177152K, 12% used [0x00000006c1c00000,0x00000006c314f1c8,0x00000006cc900000)
 Metaspace       used 52238K, capacity 54442K, committed 54528K, reserved 1095680K
  class space    used 6969K, capacity 7394K, committed 7424K, reserved 1048576K
}
Event: 1021.222 GC heap before
{Heap before GC invocations=14 (full 4):
 PSYoungGen      total 263680K, used 3264K [0x000000076b400000, 0x000000077c880000, 0x00000007c0000000)
  eden space 245760K, 0% used [0x000000076b400000,0x000000076b400000,0x000000077a400000)
  from space 17920K, 18% used [0x000000077b600000,0x000000077b930000,0x000000077c780000)
  to   space 18432K, 0% used [0x000000077a400000,0x000000077a400000,0x000000077b600000)
 ParOldGen       total 177152K, used 21820K [0x00000006c1c00000, 0x00000006cc900000, 0x000000076b400000)
  object space 177152K, 12% used [0x00000006c1c00000,0x00000006c314f1c8,0x00000006cc900000)
 Metaspace       used 52238K, capacity 54442K, committed 54528K, reserved 1095680K
  class space    used 6969K, capacity 7394K, committed 7424K, reserved 1048576K
Event: 1021.399 GC heap after
Heap after GC invocations=14 (full 4):
 PSYoungGen      total 263680K, used 0K [0x000000076b400000, 0x000000077c880000, 0x00000007c0000000)
  eden space 245760K, 0% used [0x000000076b400000,0x000000076b400000,0x000000077a400000)
  from space 17920K, 0% used [0x000000077b600000,0x000000077b600000,0x000000077c780000)
  to   space 18432K, 0% used [0x000000077a400000,0x000000077a400000,0x000000077b600000)
 ParOldGen       total 177152K, used 20227K [0x00000006c1c00000, 0x00000006cc900000, 0x000000076b400000)
  object space 177152K, 11% used [0x00000006c1c00000,0x00000006c2fc0f68,0x00000006cc900000)
 Metaspace       used 52236K, capacity 54436K, committed 54528K, reserved 1095680K
  class space    used 6969K, capacity 7392K, committed 7424K, reserved 1048576K
}

