# JRE version: Java(TM) SE Runtime Environment (8.0_201-b09) (build 1.8.0_201-b09)
# Java VM: Java HotSpot(TM) 64-Bit Server VM (25.201-b09 mixed mode windows-amd64 compressed oops)
Heap:
 PSYoungGen      total 242176K, used 6705K [0x0000000780a00000, 0x0000000791500000, 0x00000007c0000000)
  eden space 227328K, 2% used [0x0000000780a00000,0x000000078108c430,0x000000078e800000)
  from space 14848K, 0% used [0x0000000790680000,0x0000000790680000,0x0000000791500000)
  to   space 17408K, 0% used [0x000000078f300000,0x000000078f300000,0x0000000790400000)
 ParOldGen       total 125440K, used 27543K [0x0000000701e00000, 0x0000000709880000, 0x0000000780a00000)
  object space 125440K, 21% used [0x0000000701e00000,0x00000007038e5d88,0x0000000709880000)
 Metaspace       used 46435K, capacity 48386K, committed 48512K, reserved 1091584K
  class space    used 6352K, capacity 6731K, committed 6784K, reserved 1048576K
GC Heap History (10 events):
Event: 8.800 GC heap before
{Heap before GC invocations=7 (full 1):
 PSYoungGen      total 106496K, used 105180K [0x0000000780a00000, 0x000000078b700000, 0x00000007c0000000)
  eden space 98304K, 99% used [0x0000000780a00000,0x00000007869f9ef0,0x0000000786a00000)
  from space 8192K, 84% used [0x0000000786a00000,0x00000007870bd1e0,0x0000000787200000)
  to   space 10240K, 0% used [0x000000078ad00000,0x000000078ad00000,0x000000078b700000)
 ParOldGen       total 76288K, used 6578K [0x0000000701e00000, 0x0000000706880000, 0x0000000780a00000)
  object space 76288K, 8% used [0x0000000701e00000,0x000000070246c8e0,0x0000000706880000)
 Metaspace       used 31264K, capacity 32672K, committed 32896K, reserved 1077248K
  class space    used 4122K, capacity 4375K, committed 4480K, reserved 1048576K
Event: 8.825 GC heap after
Heap after GC invocations=7 (full 1):
 PSYoungGen      total 163328K, used 10237K [0x0000000780a00000, 0x000000078ba80000, 0x00000007c0000000)
  eden space 153088K, 0% used [0x0000000780a00000,0x0000000780a00000,0x0000000789f80000)
  from space 10240K, 99% used [0x000000078ad00000,0x000000078b6ff7c0,0x000000078b700000)
  to   space 13824K, 0% used [0x0000000789f80000,0x0000000789f80000,0x000000078ad00000)
 ParOldGen       total 76288K, used 10573K [0x0000000701e00000, 0x0000000706880000, 0x0000000780a00000)
  object space 76288K, 13% used [0x0000000701e00000,0x00000007028535b8,0x0000000706880000)
 Metaspace       used 31264K, capacity 32672K, committed 32896K, reserved 1077248K
  class space    used 4122K, capacity 4375K, committed 4480K, reserved 1048576K
}
Event: 10.150 GC heap before
{Heap before GC invocations=8 (full 1):
 PSYoungGen      total 163328K, used 77256K [0x0000000780a00000, 0x000000078ba80000, 0x00000007c0000000)
  eden space 153088K, 43% used [0x0000000780a00000,0x0000000784b72928,0x0000000789f80000)
  from space 10240K, 99% used [0x000000078ad00000,0x000000078b6ff7c0,0x000000078b700000)
  to   space 13824K, 0% used [0x0000000789f80000,0x0000000789f80000,0x000000078ad00000)
 ParOldGen       total 76288K, used 10573K [0x0000000701e00000, 0x0000000706880000, 0x0000000780a00000)
  object space 76288K, 13% used [0x0000000701e00000,0x00000007028535b8,0x0000000706880000)
 Metaspace       used 33971K, capacity 35442K, committed 35456K, reserved 1079296K
  class space    used 4438K, capacity 4728K, committed 4736K, reserved 1048576K
Event: 10.182 GC heap after
Heap after GC invocations=8 (full 1):
 PSYoungGen      total 166912K, used 13561K [0x0000000780a00000, 0x0000000791600000, 0x00000007c0000000)
  eden space 153088K, 0% used [0x0000000780a00000,0x0000000780a00000,0x0000000789f80000)
  from space 13824K, 98% used [0x0000000789f80000,0x000000078acbe548,0x000000078ad00000)
  to   space 15872K, 0% used [0x0000000790680000,0x0000000790680000,0x0000000791600000)
 ParOldGen       total 76288K, used 10581K [0x0000000701e00000, 0x0000000706880000, 0x0000000780a00000)
  object space 76288K, 13% used [0x0000000701e00000,0x00000007028555b8,0x0000000706880000)
 Metaspace       used 33971K, capacity 35442K, committed 35456K, reserved 1079296K
  class space    used 4438K, capacity 4728K, committed 4736K, reserved 1048576K
}
Event: 10.182 GC heap before
{Heap before GC invocations=9 (full 2):
 PSYoungGen      total 166912K, used 13561K [0x0000000780a00000, 0x0000000791600000, 0x00000007c0000000)
  eden space 153088K, 0% used [0x0000000780a00000,0x0000000780a00000,0x0000000789f80000)
  from space 13824K, 98% used [0x0000000789f80000,0x000000078acbe548,0x000000078ad00000)
  to   space 15872K, 0% used [0x0000000790680000,0x0000000790680000,0x0000000791600000)
 ParOldGen       total 76288K, used 10581K [0x0000000701e00000, 0x0000000706880000, 0x0000000780a00000)
  object space 76288K, 13% used [0x0000000701e00000,0x00000007028555b8,0x0000000706880000)
 Metaspace       used 33971K, capacity 35442K, committed 35456K, reserved 1079296K
  class space    used 4438K, capacity 4728K, committed 4736K, reserved 1048576K
Event: 10.330 GC heap after
Heap after GC invocations=9 (full 2):
 PSYoungGen      total 166912K, used 0K [0x0000000780a00000, 0x0000000791600000, 0x00000007c0000000)
  eden space 153088K, 0% used [0x0000000780a00000,0x0000000780a00000,0x0000000789f80000)
  from space 13824K, 0% used [0x0000000789f80000,0x0000000789f80000,0x000000078ad00000)
  to   space 15872K, 0% used [0x0000000790680000,0x0000000790680000,0x0000000791600000)
 ParOldGen       total 125440K, used 18638K [0x0000000701e00000, 0x0000000709880000, 0x0000000780a00000)
  object space 125440K, 14% used [0x0000000701e00000,0x0000000703033888,0x0000000709880000)
 Metaspace       used 33971K, capacity 35442K, committed 35456K, reserved 1079296K
  class space    used 4438K, capacity 4728K, committed 4736K, reserved 1048576K
}
Event: 74.158 GC heap before
{Heap before GC invocations=10 (full 2):
 PSYoungGen      total 166912K, used 149281K [0x0000000780a00000, 0x0000000791600000, 0x00000007c0000000)
  eden space 153088K, 97% used [0x0000000780a00000,0x0000000789bc8588,0x0000000789f80000)
  from space 13824K, 0% used [0x0000000789f80000,0x0000000789f80000,0x000000078ad00000)
  to   space 15872K, 0% used [0x0000000790680000,0x0000000790680000,0x0000000791600000)
 ParOldGen       total 125440K, used 18638K [0x0000000701e00000, 0x0000000709880000, 0x0000000780a00000)
  object space 125440K, 14% used [0x0000000701e00000,0x0000000703033888,0x0000000709880000)
 Metaspace       used 46431K, capacity 48386K, committed 48512K, reserved 1091584K
  class space    used 6350K, capacity 6731K, committed 6784K, reserved 1048576K
Event: 74.197 GC heap after
Heap after GC invocations=10 (full 2):
 PSYoungGen      total 242176K, used 14482K [0x0000000780a00000, 0x0000000791500000, 0x00000007c0000000)
  eden space 227328K, 0% used [0x0000000780a00000,0x0000000780a00000,0x000000078e800000)
  from space 14848K, 97% used [0x0000000790680000,0x00000007914a4990,0x0000000791500000)
  to   space 17408K, 0% used [0x000000078f300000,0x000000078f300000,0x0000000790400000)
 ParOldGen       total 125440K, used 18646K [0x0000000701e00000, 0x0000000709880000, 0x0000000780a00000)
  object space 125440K, 14% used [0x0000000701e00000,0x0000000703035888,0x0000000709880000)
 Metaspace       used 46431K, capacity 48386K, committed 48512K, reserved 1091584K
  class space    used 6350K, capacity 6731K, committed 6784K, reserved 1048576K
}
Event: 74.197 GC heap before
{Heap before GC invocations=11 (full 3):
 PSYoungGen      total 242176K, used 14482K [0x0000000780a00000, 0x0000000791500000, 0x00000007c0000000)
  eden space 227328K, 0% used [0x0000000780a00000,0x0000000780a00000,0x000000078e800000)
  from space 14848K, 97% used [0x0000000790680000,0x00000007914a4990,0x0000000791500000)
  to   space 17408K, 0% used [0x000000078f300000,0x000000078f300000,0x0000000790400000)
 ParOldGen       total 125440K, used 18646K [0x0000000701e00000, 0x0000000709880000, 0x0000000780a00000)
  object space 125440K, 14% used [0x0000000701e00000,0x0000000703035888,0x0000000709880000)
 Metaspace       used 46431K, capacity 48386K, committed 48512K, reserved 1091584K
  class space    used 6350K, capacity 6731K, committed 6784K, reserved 1048576K
Event: 74.630 GC heap after
Heap after GC invocations=11 (full 3):
 PSYoungGen      total 242176K, used 0K [0x0000000780a00000, 0x0000000791500000, 0x00000007c0000000)
  eden space 227328K, 0% used [0x0000000780a00000,0x0000000780a00000,0x000000078e800000)
  from space 14848K, 0% used [0x0000000790680000,0x0000000790680000,0x0000000791500000)
  to   space 17408K, 0% used [0x000000078f300000,0x000000078f300000,0x0000000790400000)
 ParOldGen       total 125440K, used 27543K [0x0000000701e00000, 0x0000000709880000, 0x0000000780a00000)
  object space 125440K, 21% used [0x0000000701e00000,0x00000007038e5d88,0x0000000709880000)
 Metaspace       used 46431K, capacity 48386K, committed 48512K, reserved 1091584K
  class space    used 6350K, capacity 6731K, committed 6784K, reserved 1048576K
}

