# JRE version: Java(TM) SE Runtime Environment (11.0.2+9) (build 11.0.2+9-LTS)
# Java VM: Java HotSpot(TM) 64-Bit Server VM (11.0.2+9-LTS, mixed mode, tiered, compressed oops, g1 gc, windows-amd64)
Heap:
 garbage-first heap   total 68608K, used 23048K [0x00000000a6800000, 0x0000000100000000)
  region size 1024K, 5 young (5120K), 0 survivors (0K)
 Metaspace       used 54674K, capacity 55659K, committed 56440K, reserved 1097728K
  class space    used 6735K, capacity 7124K, committed 7296K, reserved 1048576K
GC Heap History (10 events):
Event: 1085.360 GC heap before
{Heap before GC invocations=15 (full 0):
 garbage-first heap   total 92160K, used 72342K [0x00000000a6800000, 0x0000000100000000)
  region size 1024K, 49 young (50176K), 4 survivors (4096K)
 Metaspace       used 54817K, capacity 56006K, committed 56184K, reserved 1097728K
  class space    used 6798K, capacity 7281K, committed 7296K, reserved 1048576K
}
Event: 1085.370 GC heap after
{Heap after GC invocations=16 (full 0):
 garbage-first heap   total 92160K, used 26465K [0x00000000a6800000, 0x0000000100000000)
  region size 1024K, 2 young (2048K), 2 survivors (2048K)
 Metaspace       used 54817K, capacity 56006K, committed 56184K, reserved 1097728K
  class space    used 6798K, capacity 7281K, committed 7296K, reserved 1048576K
}
Event: 1770.443 GC heap before
{Heap before GC invocations=16 (full 0):
 garbage-first heap   total 92160K, used 73569K [0x00000000a6800000, 0x0000000100000000)
  region size 1024K, 48 young (49152K), 2 survivors (2048K)
 Metaspace       used 54822K, capacity 56006K, committed 56184K, reserved 1097728K
  class space    used 6798K, capacity 7281K, committed 7296K, reserved 1048576K
}
Event: 1770.447 GC heap after
{Heap after GC invocations=17 (full 0):
 garbage-first heap   total 92160K, used 26262K [0x00000000a6800000, 0x0000000100000000)
  region size 1024K, 2 young (2048K), 2 survivors (2048K)
 Metaspace       used 54822K, capacity 56006K, committed 56184K, reserved 1097728K
  class space    used 6798K, capacity 7281K, committed 7296K, reserved 1048576K
}
Event: 2443.876 GC heap before
{Heap before GC invocations=17 (full 0):
 garbage-first heap   total 92160K, used 73366K [0x00000000a6800000, 0x0000000100000000)
  region size 1024K, 48 young (49152K), 2 survivors (2048K)
 Metaspace       used 54826K, capacity 56009K, committed 56184K, reserved 1097728K
  class space    used 6798K, capacity 7282K, committed 7296K, reserved 1048576K
}
Event: 2443.880 GC heap after
{Heap after GC invocations=18 (full 0):
 garbage-first heap   total 92160K, used 26164K [0x00000000a6800000, 0x0000000100000000)
  region size 1024K, 2 young (2048K), 2 survivors (2048K)
 Metaspace       used 54826K, capacity 56009K, committed 56184K, reserved 1097728K
  class space    used 6798K, capacity 7282K, committed 7296K, reserved 1048576K
}
Event: 3133.227 GC heap before
{Heap before GC invocations=18 (full 0):
 garbage-first heap   total 92160K, used 74292K [0x00000000a6800000, 0x0000000100000000)
  region size 1024K, 49 young (50176K), 2 survivors (2048K)
 Metaspace       used 54881K, capacity 56082K, committed 56184K, reserved 1097728K
  class space    used 6802K, capacity 7285K, committed 7296K, reserved 1048576K
}
Event: 3133.232 GC heap after
{Heap after GC invocations=19 (full 0):
 garbage-first heap   total 92160K, used 26134K [0x00000000a6800000, 0x0000000100000000)
  region size 1024K, 2 young (2048K), 2 survivors (2048K)
 Metaspace       used 54881K, capacity 56082K, committed 56184K, reserved 1097728K
  class space    used 6802K, capacity 7285K, committed 7296K, reserved 1048576K
}
Event: 3133.988 GC heap before
{Heap before GC invocations=19 (full 0):
 garbage-first heap   total 92160K, used 28182K [0x00000000a6800000, 0x0000000100000000)
  region size 1024K, 5 young (5120K), 2 survivors (2048K)
 Metaspace       used 55011K, capacity 56171K, committed 56184K, reserved 1097728K
  class space    used 6820K, capacity 7294K, committed 7296K, reserved 1048576K
}
Event: 3134.067 GC heap after
{Heap after GC invocations=20 (full 1):
 garbage-first heap   total 68608K, used 18952K [0x00000000a6800000, 0x0000000100000000)
  region size 1024K, 0 young (0K), 0 survivors (0K)
 Metaspace       used 54628K, capacity 55588K, committed 56184K, reserved 1097728K
  class space    used 6730K, capacity 7122K, committed 7296K, reserved 1048576K
}

