# JRE version: Java(TM) SE Runtime Environment (8.0_201-b09) (build 1.8.0_201-b09)
# Java VM: Java HotSpot(TM) 64-Bit Server VM (25.201-b09 mixed mode windows-amd64 compressed oops)
Heap:
 PSYoungGen      total 135168K, used 1884K [0x000000076b400000, 0x0000000774c00000, 0x00000007c0000000)
  eden space 129024K, 1% used [0x000000076b400000,0x000000076b5d71f0,0x0000000773200000)
  from space 6144K, 0% used [0x0000000773200000,0x0000000773200000,0x0000000773800000)
  to   space 13312K, 0% used [0x0000000773f00000,0x0000000773f00000,0x0000000774c00000)
 ParOldGen       total 182272K, used 17047K [0x00000006c1c00000, 0x00000006cce00000, 0x000000076b400000)
  object space 182272K, 9% used [0x00000006c1c00000,0x00000006c2ca5d40,0x00000006cce00000)
 Metaspace       used 52504K, capacity 54563K, committed 55080K, reserved 1097728K
  class space    used 6928K, capacity 7294K, committed 7464K, reserved 1048576K
GC Heap History (10 events):
Event: 8320.178 GC heap before
{Heap before GC invocations=18 (full 2):
 PSYoungGen      total 144384K, used 144040K [0x000000076b400000, 0x0000000775700000, 0x00000007c0000000)
  eden space 137216K, 100% used [0x000000076b400000,0x0000000773a00000,0x0000000773a00000)
  from space 7168K, 95% used [0x0000000773d00000,0x00000007743aa120,0x0000000774400000)
  to   space 14848K, 0% used [0x0000000774880000,0x0000000774880000,0x0000000775700000)
 ParOldGen       total 182272K, used 18992K [0x00000006c1c00000, 0x00000006cce00000, 0x000000076b400000)
  object space 182272K, 10% used [0x00000006c1c00000,0x00000006c2e8c180,0x00000006cce00000)
 Metaspace       used 52639K, capacity 54853K, committed 55080K, reserved 1097728K
  class space    used 6954K, capacity 7360K, committed 7464K, reserved 1048576K
Event: 8320.194 GC heap after
Heap after GC invocations=18 (full 2):
 PSYoungGen      total 144896K, used 6856K [0x000000076b400000, 0x0000000775300000, 0x00000007c0000000)
  eden space 134144K, 0% used [0x000000076b400000,0x000000076b400000,0x0000000773700000)
  from space 10752K, 63% used [0x0000000774880000,0x0000000774f32130,0x0000000775300000)
  to   space 14336K, 0% used [0x0000000773700000,0x0000000773700000,0x0000000774500000)
 ParOldGen       total 182272K, used 19000K [0x00000006c1c00000, 0x00000006cce00000, 0x000000076b400000)
  object space 182272K, 10% used [0x00000006c1c00000,0x00000006c2e8e180,0x00000006cce00000)
 Metaspace       used 52639K, capacity 54853K, committed 55080K, reserved 1097728K
  class space    used 6954K, capacity 7360K, committed 7464K, reserved 1048576K
}
Event: 9285.306 GC heap before
{Heap before GC invocations=19 (full 2):
 PSYoungGen      total 144896K, used 141000K [0x000000076b400000, 0x0000000775300000, 0x00000007c0000000)
  eden space 134144K, 100% used [0x000000076b400000,0x0000000773700000,0x0000000773700000)
  from space 10752K, 63% used [0x0000000774880000,0x0000000774f32130,0x0000000775300000)
  to   space 14336K, 0% used [0x0000000773700000,0x0000000773700000,0x0000000774500000)
 ParOldGen       total 182272K, used 19000K [0x00000006c1c00000, 0x00000006cce00000, 0x000000076b400000)
  object space 182272K, 10% used [0x00000006c1c00000,0x00000006c2e8e180,0x00000006cce00000)
 Metaspace       used 52640K, capacity 54853K, committed 55080K, reserved 1097728K
  class space    used 6954K, capacity 7360K, committed 7464K, reserved 1048576K
Event: 9285.318 GC heap after
Heap after GC invocations=19 (full 2):
 PSYoungGen      total 138752K, used 6872K [0x000000076b400000, 0x0000000774f80000, 0x00000007c0000000)
  eden space 131584K, 0% used [0x000000076b400000,0x000000076b400000,0x0000000773480000)
  from space 7168K, 95% used [0x0000000773700000,0x0000000773db6100,0x0000000773e00000)
  to   space 13824K, 0% used [0x0000000774200000,0x0000000774200000,0x0000000774f80000)
 ParOldGen       total 182272K, used 19008K [0x00000006c1c00000, 0x00000006cce00000, 0x000000076b400000)
  object space 182272K, 10% used [0x00000006c1c00000,0x00000006c2e90180,0x00000006cce00000)
 Metaspace       used 52640K, capacity 54853K, committed 55080K, reserved 1097728K
  class space    used 6954K, capacity 7360K, committed 7464K, reserved 1048576K
}
Event: 10248.812 GC heap before
{Heap before GC invocations=20 (full 2):
 PSYoungGen      total 138752K, used 138456K [0x000000076b400000, 0x0000000774f80000, 0x00000007c0000000)
  eden space 131584K, 100% used [0x000000076b400000,0x0000000773480000,0x0000000773480000)
  from space 7168K, 95% used [0x0000000773700000,0x0000000773db6100,0x0000000773e00000)
  to   space 13824K, 0% used [0x0000000774200000,0x0000000774200000,0x0000000774f80000)
 ParOldGen       total 182272K, used 19008K [0x00000006c1c00000, 0x00000006cce00000, 0x000000076b400000)
  object space 182272K, 10% used [0x00000006c1c00000,0x00000006c2e90180,0x00000006cce00000)
 Metaspace       used 52640K, capacity 54853K, committed 55080K, reserved 1097728K
  class space    used 6954K, capacity 7360K, committed 7464K, reserved 1048576K
Event: 10248.825 GC heap after
Heap after GC invocations=20 (full 2):
 PSYoungGen      total 140288K, used 6840K [0x000000076b400000, 0x0000000774d00000, 0x00000007c0000000)
  eden space 129024K, 0% used [0x000000076b400000,0x000000076b400000,0x0000000773200000)
  from space 11264K, 60% used [0x0000000774200000,0x00000007748ae120,0x0000000774d00000)
  to   space 13824K, 0% used [0x0000000773200000,0x0000000773200000,0x0000000773f80000)
 ParOldGen       total 182272K, used 19008K [0x00000006c1c00000, 0x00000006cce00000, 0x000000076b400000)
  object space 182272K, 10% used [0x00000006c1c00000,0x00000006c2e90180,0x00000006cce00000)
 Metaspace       used 52640K, capacity 54853K, committed 55080K, reserved 1097728K
  class space    used 6954K, capacity 7360K, committed 7464K, reserved 1048576K
}
Event: 10540.554 GC heap before
{Heap before GC invocations=21 (full 2):
 PSYoungGen      total 140288K, used 49391K [0x000000076b400000, 0x0000000774d00000, 0x00000007c0000000)
  eden space 129024K, 32% used [0x000000076b400000,0x000000076dd8ddf8,0x0000000773200000)
  from space 11264K, 60% used [0x0000000774200000,0x00000007748ae120,0x0000000774d00000)
  to   space 13824K, 0% used [0x0000000773200000,0x0000000773200000,0x0000000773f80000)
 ParOldGen       total 182272K, used 19008K [0x00000006c1c00000, 0x00000006cce00000, 0x000000076b400000)
  object space 182272K, 10% used [0x00000006c1c00000,0x00000006c2e90180,0x00000006cce00000)
 Metaspace       used 52739K, capacity 54955K, committed 55080K, reserved 1097728K
  class space    used 6969K, capacity 7368K, committed 7464K, reserved 1048576K
Event: 10540.568 GC heap after
Heap after GC invocations=21 (full 2):
 PSYoungGen      total 135168K, used 6008K [0x000000076b400000, 0x0000000774c00000, 0x00000007c0000000)
  eden space 129024K, 0% used [0x000000076b400000,0x000000076b400000,0x0000000773200000)
  from space 6144K, 97% used [0x0000000773200000,0x00000007737de060,0x0000000773800000)
  to   space 13312K, 0% used [0x0000000773f00000,0x0000000773f00000,0x0000000774c00000)
 ParOldGen       total 182272K, used 19016K [0x00000006c1c00000, 0x00000006cce00000, 0x000000076b400000)
  object space 182272K, 10% used [0x00000006c1c00000,0x00000006c2e92180,0x00000006cce00000)
 Metaspace       used 52739K, capacity 54955K, committed 55080K, reserved 1097728K
  class space    used 6969K, capacity 7368K, committed 7464K, reserved 1048576K
}
Event: 10540.568 GC heap before
{Heap before GC invocations=22 (full 3):
 PSYoungGen      total 135168K, used 6008K [0x000000076b400000, 0x0000000774c00000, 0x00000007c0000000)
  eden space 129024K, 0% used [0x000000076b400000,0x000000076b400000,0x0000000773200000)
  from space 6144K, 97% used [0x0000000773200000,0x00000007737de060,0x0000000773800000)
  to   space 13312K, 0% used [0x0000000773f00000,0x0000000773f00000,0x0000000774c00000)
 ParOldGen       total 182272K, used 19016K [0x00000006c1c00000, 0x00000006cce00000, 0x000000076b400000)
  object space 182272K, 10% used [0x00000006c1c00000,0x00000006c2e92180,0x00000006cce00000)
 Metaspace       used 52739K, capacity 54955K, committed 55080K, reserved 1097728K
  class space    used 6969K, capacity 7368K, committed 7464K, reserved 1048576K
Event: 10541.050 GC heap after
Heap after GC invocations=22 (full 3):
 PSYoungGen      total 135168K, used 0K [0x000000076b400000, 0x0000000774c00000, 0x00000007c0000000)
  eden space 129024K, 0% used [0x000000076b400000,0x000000076b400000,0x0000000773200000)
  from space 6144K, 0% used [0x0000000773200000,0x0000000773200000,0x0000000773800000)
  to   space 13312K, 0% used [0x0000000773f00000,0x0000000773f00000,0x0000000774c00000)
 ParOldGen       total 182272K, used 17047K [0x00000006c1c00000, 0x00000006cce00000, 0x000000076b400000)
  object space 182272K, 9% used [0x00000006c1c00000,0x00000006c2ca5d40,0x00000006cce00000)
 Metaspace       used 52502K, capacity 54563K, committed 55080K, reserved 1097728K
  class space    used 6927K, capacity 7294K, committed 7464K, reserved 1048576K
}

